[Licensing::Module] Trying to connect to existing licensing client channel...
Built from '6000.0/staging' branch; Version is '6000.0.62f1 (f99f05b3e950) revision 16359173'; Using compiler version '193933523'; Build Type 'Release'
[Licensing::IpcConnector] Channel LicenseClient-ThienBao doesn't exist
OS: 'Windows 11  (10.0.26200) 64bit CoreSingleLanguage' Language: 'en' Physical Memory: 15741 MB
BatchMode: 1, IsHumanControllingUs: 0, StartBugReporterOnCrash: 0, Is64bit: 1
Date: 2026-07-16T01:50:45Z
[Licensing::Module] Successfully launched the LicensingClient (PId: 2604)

COMMAND LINE ARGUMENTS:
D:\Program\6000.0.62f1\Editor\Unity.exe
-batchmode
-nographics
-quit
-projectPath
D:\myPro\game\TEFO
-executeMethod
AE86ActivePrefabIntegrationTool.RunFromCommandLine
-logFile
D:\myPro\game\TEFO\Docs\AE86Production32Fix\ActiveIntegrationBackup\active_prefab_integration_unity_running.log
Successfully changed project path to: D:\myPro\game\TEFO
D:/myPro/game/TEFO
[UnityMemory] Configuration Parameters - Can be set up in boot.config
    "memorysetup-bucket-allocator-granularity=16"
    "memorysetup-bucket-allocator-bucket-count=8"
    "memorysetup-bucket-allocator-block-size=33554432"
    "memorysetup-bucket-allocator-block-count=8"
    "memorysetup-main-allocator-block-size=16777216"
    "memorysetup-thread-allocator-block-size=16777216"
    "memorysetup-gfx-main-allocator-block-size=16777216"
    "memorysetup-gfx-thread-allocator-block-size=16777216"
    "memorysetup-cache-allocator-block-size=4194304"
    "memorysetup-typetree-allocator-block-size=2097152"
    "memorysetup-profiler-bucket-allocator-granularity=16"
    "memorysetup-profiler-bucket-allocator-bucket-count=8"
    "memorysetup-profiler-bucket-allocator-block-size=33554432"
    "memorysetup-profiler-bucket-allocator-block-count=8"
    "memorysetup-profiler-allocator-block-size=16777216"
    "memorysetup-profiler-editor-allocator-block-size=1048576"
    "memorysetup-temp-allocator-size-main=16777216"
    "memorysetup-job-temp-allocator-block-size=2097152"
    "memorysetup-job-temp-allocator-block-size-background=1048576"
    "memorysetup-job-temp-allocator-reduction-small-platforms=262144"
    "memorysetup-allocator-temp-initial-block-size-main=262144"
    "memorysetup-allocator-temp-initial-block-size-worker=262144"
    "memorysetup-temp-allocator-size-background-worker=32768"
    "memorysetup-temp-allocator-size-job-worker=262144"
    "memorysetup-temp-allocator-size-preload-manager=33554432"
    "memorysetup-temp-allocator-size-nav-mesh-worker=65536"
    "memorysetup-temp-allocator-size-audio-worker=65536"
    "memorysetup-temp-allocator-size-cloud-worker=32768"
    "memorysetup-temp-allocator-size-gi-baking-worker=262144"
    "memorysetup-temp-allocator-size-gi-baking-worker=262144"
    "memorysetup-temp-allocator-size-gi-baking-worker=262144"
    "memorysetup-temp-allocator-size-gi-baking-worker=262144"
    "memorysetup-temp-allocator-size-gi-baking-worker=262144"
    "memorysetup-temp-allocator-size-gfx=262144"
Player connection [5076]  Target information:

Player connection [5076]  * "[IP] 169.254.227.235 [Port] 55504 [Flags] 2 [Guid] 1890297093 [EditorId] 1890297093 [Version] 1048832 [Id] WindowsEditor(7,ThienBaoNe) [Debug] 1 [PackageName] WindowsEditor [ProjectName] Editor" 

Player connection [5076]  * "[IP] 192.168.1.5 [Port] 55504 [Flags] 2 [Guid] 1890297093 [EditorId] 1890297093 [Version] 1048832 [Id] WindowsEditor(7,ThienBaoNe) [Debug] 1 [PackageName] WindowsEditor [ProjectName] Editor" 

Player connection [5076] Host joined multi-casting on [225.0.0.222:54997]...
Player connection [5076] Host joined alternative multi-casting on [225.0.0.222:34997]...
Input System module state changed to: Initialized.
[Physics::Module] Initialized fallback backend.
[Physics::Module] Id: 0xdecafbad
[Package Manager] Connected to IPC stream "Upm-21596" after 0.9 seconds.
Library Redirect Path: Library/
[Physics::Module] Selected backend.
[Physics::Module] Name: PhysX
[Physics::Module] Id: 0xf2b8ea05
[Physics::Module] SDK Version: 4.1.2
[Physics::Module] Integration Version: 1.0.0
[Physics::Module] Threading Mode: Multi-Threaded
Refreshing native plugins compatible for Editor in 2.07 ms, found 0 plugins.
Preloading 0 native plugins for Editor in 0.00 ms.
Initialize engine version: 6000.0.62f1 (f99f05b3e950)
[Subsystems] Discovering subsystems at path D:/Program/6000.0.62f1/Editor/Data/Resources/UnitySubsystems
[Subsystems] Discovering subsystems at path D:/myPro/game/TEFO/Assets
Forcing GfxDevice: Null
GfxDevice: creating device client; kGfxThreadingModeNonThreaded
NullGfxDevice:
    Version:  NULL 1.0 [1.0]
    Renderer: Null Device
    Vendor:   Unity Technologies
Shader Hidden/ProbeVolume/VoxelizeScene is not supported: GPU does not support conservative rasterization
Initialize mono
Mono path[0] = 'D:/Program/6000.0.62f1/Editor/Data/Managed'
Mono path[1] = 'D:/Program/6000.0.62f1/Editor/Data/MonoBleedingEdge/lib/mono/unityjit-win32'
Mono config path = 'D:/Program/6000.0.62f1/Editor/Data/MonoBleedingEdge/etc'
Using monoOptions --debugger-agent=transport=dt_socket,embedding=1,server=y,suspend=n,address=127.0.0.1:56596
Using cacheserver namespaces - metadata:defaultmetadata, artifacts:defaultartifacts
Using cacheserver namespaces - metadata:defaultmetadata, artifacts:defaultartifacts
ImportWorker Server TCP listen port: 0
AcceleratorClientConnectionCallback - disconnected - :0
Begin MonoManager ReloadAssembly
[Licensing::IpcConnector] Successfully connected to: "LicenseClient-ThienBao" at "2026-07-16T01:50:52.4428381Z"
[Licensing::Client] Code 10 while verifying Licensing Client signature (process Id: 2604, path: "D:/Program/6000.0.62f1/Editor/Data/Resources/Licensing/Client/Unity.Licensing.Client.exe")
[Licensing::Module] LicensingClient has failed validation; ignoring
[Licensing::Client] Handshaking with LicensingClient:
  Version:                 1.17.2+ff71f16
  Session Id:              4e8e812e5fad4f77932c952bec5a47d2
  Correlation Id:          37c189c0ad0275d4a06bd16f94d80987
  External correlation Id: 2232480350981999879
  Machine Id:              I0qsWkULXMkyGsrNf5MSqdLDWcE=
[Licensing::Module] Successfully connected to LicensingClient on channel: "LicenseClient-ThienBao" (connect: 6.56s, validation: 0.62s, handshake: 0.32s)
[Licensing::IpcConnector] Successfully connected to: "LicenseClient-ThienBao-notifications" at "2026-07-16T01:50:53.3743749Z"
[Licensing::Module] Connected to LicensingClient (PId: 2604, launch time: 0.07, total connection time: 7.49s)
[Licensing::Module] Error: Access token is unavailable; failed to update
[Licensing::Client] Successfully resolved entitlement details
[Licensing::Module] License group:
  Id: 18968349489754-UnityPersXXXX
  Product: Unity Personal
  Type: Assigned
  Expiration: Unlimited
[Licensing::Client] Successfully updated license, isAsync: True, time: 0.01
[Licensing::Client] Successfully resolved entitlement details
[Licensing::Module] Licensing Background thread has ended after 7.61s
Registering precompiled unity dll's ...
Register platform support module: D:/Program/6000.0.62f1/Editor/Data/PlaybackEngines/WindowsStandaloneSupport/UnityEditor.WindowsStandalone.Extensions.dll
[Licensing::Client] Successfully resolved entitlement details
Register platform support module: D:/Program/6000.0.62f1/Editor/Data/PlaybackEngines/AndroidPlayer/UnityEditor.Android.Extensions.dll
[Licensing::Client] Successfully resolved entitlement details
Register platform support module: D:/Program/6000.0.62f1/Editor/Data/PlaybackEngines/iOSSupport/UnityEditor.iOS.Extensions.dll
Registered in 0.984622 seconds.
- Loaded All Assemblies, in 20.643 seconds
Native extension for iOS target not found
Native extension for Android target not found
Native extension for WindowsStandalone target not found
Mono: successfully reloaded assembly
- Finished resetting the current domain, in  0.976 seconds
Domain Reload Profiling: 21619ms
	BeginReloadAssembly (15401ms)
		ExecutionOrderSort (0ms)
		DisableScriptedObjects (0ms)
		BackupInstance (0ms)
		ReleaseScriptingObjects (0ms)
		CreateAndSetChildDomain (2ms)
	RebuildCommonClasses (1176ms)
	RebuildNativeTypeToScriptingClass (11ms)
	initialDomainReloadingComplete (1081ms)
	LoadAllAssembliesAndSetupDomain (2974ms)
		LoadAssemblies (15434ms)
		RebuildTransferFunctionScriptingTraits (0ms)
		AnalyzeDomain (2928ms)
			TypeCache.Refresh (2921ms)
				TypeCache.ScanAssembly (2445ms)
			BuildScriptInfoCaches (1ms)
			ResolveRequiredComponents (4ms)
	FinalizeReload (977ms)
		ReleaseScriptCaches (0ms)
		RebuildScriptCaches (0ms)
		SetupLoadedEditorAssemblies (923ms)
			LogAssemblyErrors (0ms)
			InitializePlatformSupportModulesInManaged (612ms)
			SetLoadedEditorAssemblies (4ms)
			BeforeProcessingInitializeOnLoad (55ms)
			ProcessInitializeOnLoadAttributes (148ms)
			ProcessInitializeOnLoadMethodAttributes (103ms)
			AfterProcessingInitializeOnLoad (0ms)
			EditorAssembliesLoaded (0ms)
		ExecutionOrderSort2 (0ms)
		AwakeInstancesAfterBackupRestoration (0ms)
[Licensing::Client] Successfully resolved entitlement details
Application.AssetDatabase Initial Refresh Start
Package Manager log level set to [2]
[Package Manager] Restoring resolved packages state from cache
[Licensing::Client] Successfully resolved entitlement details
[Package Manager] Registered 65 packages:
  Packages from [https://packages.unity.com]:
    com.unity.collab-proxy@2.10.0 (location: D:\myPro\game\TEFO\Library\PackageCache\com.unity.collab-proxy@1e5e48aff19d)
    com.unity.ide.rider@3.0.38 (location: D:\myPro\game\TEFO\Library\PackageCache\com.unity.ide.rider@1f60b3138684)
    com.unity.ide.visualstudio@2.0.25 (location: D:\myPro\game\TEFO\Library\PackageCache\com.unity.ide.visualstudio@74aa435fc4bb)
    com.unity.inputsystem@1.14.2 (location: D:\myPro\game\TEFO\Library\PackageCache\com.unity.inputsystem@be6c4fd0abf5)
    com.unity.timeline@1.8.9 (location: D:\myPro\game\TEFO\Library\PackageCache\com.unity.timeline@6b9e48457ddb)
    com.unity.visualscripting@1.9.7 (location: D:\myPro\game\TEFO\Library\PackageCache\com.unity.visualscripting@6279e2b7c485)
    com.unity.2d.animation@10.2.1 (location: D:\myPro\game\TEFO\Library\PackageCache\com.unity.2d.animation@81ad133dbdf1)
    com.unity.2d.pixel-perfect@5.0.3 (location: D:\myPro\game\TEFO\Library\PackageCache\com.unity.2d.pixel-perfect@e3ae982b672d)
    com.unity.2d.psdimporter@9.1.0 (location: D:\myPro\game\TEFO\Library\PackageCache\com.unity.2d.psdimporter@e0ffc26deb40)
    com.unity.2d.spriteshape@10.0.7 (location: D:\myPro\game\TEFO\Library\PackageCache\com.unity.2d.spriteshape@9e35352ae135)
    com.unity.2d.tilemap.extras@4.1.0 (location: D:\myPro\game\TEFO\Library\PackageCache\com.unity.2d.tilemap.extras@13634da7dbe0)
    com.unity.2d.aseprite@1.1.10 (location: D:\myPro\game\TEFO\Library\PackageCache\com.unity.2d.aseprite@dba7c65ef731)
    com.unity.searcher@4.9.3 (location: D:\myPro\game\TEFO\Library\PackageCache\com.unity.searcher@1e17ce91558d)
    com.unity.burst@1.8.25 (location: D:\myPro\game\TEFO\Library\PackageCache\com.unity.burst@1df634d836b8)
    com.unity.mathematics@1.3.2 (location: D:\myPro\game\TEFO\Library\PackageCache\com.unity.mathematics@8017b507cc74)
    com.unity.collections@2.6.2 (location: D:\myPro\game\TEFO\Library\PackageCache\com.unity.collections@aea9d3bd5e19)
    com.unity.2d.common@9.1.1 (location: D:\myPro\game\TEFO\Library\PackageCache\com.unity.2d.common@bc041c6e0d0d)
    com.unity.nuget.mono-cecil@1.11.5 (location: D:\myPro\game\TEFO\Library\PackageCache\com.unity.nuget.mono-cecil@d78732e851eb)
    com.unity.test-framework.performance@3.2.0 (location: D:\myPro\game\TEFO\Library\PackageCache\com.unity.test-framework.performance@0840f58e4562)
  Built-in packages:
    com.unity.feature.2d@2.0.1 (location: D:\myPro\game\TEFO\Library\PackageCache\com.unity.feature.2d@dd1ea8910f12)
    com.unity.multiplayer.center@1.0.0 (location: D:\myPro\game\TEFO\Library\PackageCache\com.unity.multiplayer.center@f3fb577b3546)
    com.unity.render-pipelines.universal@17.0.4 (location: D:\myPro\game\TEFO\Library\PackageCache\com.unity.render-pipelines.universal@7652a5c7e246)
    com.unity.test-framework@1.6.0 (location: D:\myPro\game\TEFO\Library\PackageCache\com.unity.test-framework@da1fb3d479aa)
    com.unity.ugui@2.0.0 (location: D:\myPro\game\TEFO\Library\PackageCache\com.unity.ugui@befc7af3e8e5)
    com.unity.modules.accessibility@1.0.0 (location: D:\Program\6000.0.62f1\Editor\Data\Resources\PackageManager\BuiltInPackages\com.unity.modules.accessibility)
    com.unity.modules.ai@1.0.0 (location: D:\Program\6000.0.62f1\Editor\Data\Resources\PackageManager\BuiltInPackages\com.unity.modules.ai)
    com.unity.modules.androidjni@1.0.0 (location: D:\Program\6000.0.62f1\Editor\Data\Resources\PackageManager\BuiltInPackages\com.unity.modules.androidjni)
    com.unity.modules.animation@1.0.0 (location: D:\Program\6000.0.62f1\Editor\Data\Resources\PackageManager\BuiltInPackages\com.unity.modules.animation)
    com.unity.modules.assetbundle@1.0.0 (location: D:\Program\6000.0.62f1\Editor\Data\Resources\PackageManager\BuiltInPackages\com.unity.modules.assetbundle)
    com.unity.modules.audio@1.0.0 (location: D:\Program\6000.0.62f1\Editor\Data\Resources\PackageManager\BuiltInPackages\com.unity.modules.audio)
    com.unity.modules.cloth@1.0.0 (location: D:\Program\6000.0.62f1\Editor\Data\Resources\PackageManager\BuiltInPackages\com.unity.modules.cloth)
    com.unity.modules.director@1.0.0 (location: D:\Program\6000.0.62f1\Editor\Data\Resources\PackageManager\BuiltInPackages\com.unity.modules.director)
    com.unity.modules.imageconversion@1.0.0 (location: D:\Program\6000.0.62f1\Editor\Data\Resources\PackageManager\BuiltInPackages\com.unity.modules.imageconversion)
    com.unity.modules.imgui@1.0.0 (location: D:\Program\6000.0.62f1\Editor\Data\Resources\PackageManager\BuiltInPackages\com.unity.modules.imgui)
    com.unity.modules.jsonserialize@1.0.0 (location: D:\Program\6000.0.62f1\Editor\Data\Resources\PackageManager\BuiltInPackages\com.unity.modules.jsonserialize)
    com.unity.modules.particlesystem@1.0.0 (location: D:\Program\6000.0.62f1\Editor\Data\Resources\PackageManager\BuiltInPackages\com.unity.modules.particlesystem)
    com.unity.modules.physics@1.0.0 (location: D:\Program\6000.0.62f1\Editor\Data\Resources\PackageManager\BuiltInPackages\com.unity.modules.physics)
    com.unity.modules.physics2d@1.0.0 (location: D:\Program\6000.0.62f1\Editor\Data\Resources\PackageManager\BuiltInPackages\com.unity.modules.physics2d)
    com.unity.modules.screencapture@1.0.0 (location: D:\Program\6000.0.62f1\Editor\Data\Resources\PackageManager\BuiltInPackages\com.unity.modules.screencapture)
    com.unity.modules.terrain@1.0.0 (location: D:\Program\6000.0.62f1\Editor\Data\Resources\PackageManager\BuiltInPackages\com.unity.modules.terrain)
    com.unity.modules.terrainphysics@1.0.0 (location: D:\Program\6000.0.62f1\Editor\Data\Resources\PackageManager\BuiltInPackages\com.unity.modules.terrainphysics)
    com.unity.modules.tilemap@1.0.0 (location: D:\Program\6000.0.62f1\Editor\Data\Resources\PackageManager\BuiltInPackages\com.unity.modules.tilemap)
    com.unity.modules.ui@1.0.0 (location: D:\Program\6000.0.62f1\Editor\Data\Resources\PackageManager\BuiltInPackages\com.unity.modules.ui)
    com.unity.modules.uielements@1.0.0 (location: D:\Program\6000.0.62f1\Editor\Data\Resources\PackageManager\BuiltInPackages\com.unity.modules.uielements)
    com.unity.modules.umbra@1.0.0 (location: D:\Program\6000.0.62f1\Editor\Data\Resources\PackageManager\BuiltInPackages\com.unity.modules.umbra)
    com.unity.modules.unityanalytics@1.0.0 (location: D:\Program\6000.0.62f1\Editor\Data\Resources\PackageManager\BuiltInPackages\com.unity.modules.unityanalytics)
    com.unity.modules.unitywebrequest@1.0.0 (location: D:\Program\6000.0.62f1\Editor\Data\Resources\PackageManager\BuiltInPackages\com.unity.modules.unitywebrequest)
    com.unity.modules.unitywebrequestassetbundle@1.0.0 (location: D:\Program\6000.0.62f1\Editor\Data\Resources\PackageManager\BuiltInPackages\com.unity.modules.unitywebrequestassetbundle)
    com.unity.modules.unitywebrequestaudio@1.0.0 (location: D:\Program\6000.0.62f1\Editor\Data\Resources\PackageManager\BuiltInPackages\com.unity.modules.unitywebrequestaudio)
    com.unity.modules.unitywebrequesttexture@1.0.0 (location: D:\Program\6000.0.62f1\Editor\Data\Resources\PackageManager\BuiltInPackages\com.unity.modules.unitywebrequesttexture)
    com.unity.modules.unitywebrequestwww@1.0.0 (location: D:\Program\6000.0.62f1\Editor\Data\Resources\PackageManager\BuiltInPackages\com.unity.modules.unitywebrequestwww)
    com.unity.modules.vehicles@1.0.0 (location: D:\Program\6000.0.62f1\Editor\Data\Resources\PackageManager\BuiltInPackages\com.unity.modules.vehicles)
    com.unity.modules.video@1.0.0 (location: D:\Program\6000.0.62f1\Editor\Data\Resources\PackageManager\BuiltInPackages\com.unity.modules.video)
    com.unity.modules.vr@1.0.0 (location: D:\Program\6000.0.62f1\Editor\Data\Resources\PackageManager\BuiltInPackages\com.unity.modules.vr)
    com.unity.modules.wind@1.0.0 (location: D:\Program\6000.0.62f1\Editor\Data\Resources\PackageManager\BuiltInPackages\com.unity.modules.wind)
    com.unity.modules.xr@1.0.0 (location: D:\Program\6000.0.62f1\Editor\Data\Resources\PackageManager\BuiltInPackages\com.unity.modules.xr)
    com.unity.modules.subsystems@1.0.0 (location: D:\Program\6000.0.62f1\Editor\Data\Resources\PackageManager\BuiltInPackages\com.unity.modules.subsystems)
    com.unity.modules.hierarchycore@1.0.0 (location: D:\Program\6000.0.62f1\Editor\Data\Resources\PackageManager\BuiltInPackages\com.unity.modules.hierarchycore)
    com.unity.ext.nunit@2.0.5 (location: D:\myPro\game\TEFO\Library\PackageCache\com.unity.ext.nunit@031a54704bff)
    com.unity.render-pipelines.core@17.0.4 (location: D:\myPro\game\TEFO\Library\PackageCache\com.unity.render-pipelines.core@3b8a69964696)
    com.unity.shadergraph@17.0.4 (location: D:\myPro\game\TEFO\Library\PackageCache\com.unity.shadergraph@ed1bdfe1a012)
    com.unity.render-pipelines.universal-config@17.0.3 (location: D:\myPro\game\TEFO\Library\PackageCache\com.unity.render-pipelines.universal-config@dd206bf35d04)
    com.unity.2d.sprite@1.0.0 (location: D:\myPro\game\TEFO\Library\PackageCache\com.unity.2d.sprite@897b7eecf04e)
    com.unity.2d.tilemap@1.0.0 (location: D:\myPro\game\TEFO\Library\PackageCache\com.unity.2d.tilemap@e147c8eadabf)
    com.unity.rendering.light-transport@1.0.1 (location: D:\myPro\game\TEFO\Library\PackageCache\com.unity.rendering.light-transport@9bd588f963c0)
[Subsystems] No new subsystems found in resolved package list.
[Package Manager] Done registering packages in 0.04 seconds
[ScriptCompilation] Requested script compilation because: Assetdatabase observed changes in script compilation related files
Starting: D:\Program\6000.0.62f1\Editor\Data\bee_backend.exe --ipc --defer-dag-verification --dagfile="Library/Bee/1900b0aE.dag" --continue-on-failure --profile="Library/Bee/backend1.traceevents" ScriptAssemblies
WorkingDir: D:/myPro/game/TEFO
DisplayProgressbar: Compiling Scripts
ExitCode: 0 Duration: 16s
[ 777/1001  1s] ILPP-Configuration Library/ilpp-configuration.nevergeneratedoutput
[BUSY       6s] Csc Library/Bee/artifacts/1900b0aE.dag/Assembly-CSharp-Editor.dll (+2 others)
[ 997/1001 12s] Csc Library/Bee/artifacts/1900b0aE.dag/Assembly-CSharp-Editor.dll (+2 others)
Assets\Editor\TEFOReferenceWorldMapBuilder.cs(221,17): warning CS0618: 'Collider2D.usedByComposite' is obsolete: 'usedByComposite has been deprecated. Use Collider2D.compositeOperation instead'

Assets\Editor\TEFOMapLayerSetupTool.cs(191,9): warning CS0618: 'Collider2D.usedByComposite' is obsolete: 'usedByComposite has been deprecated. Use Collider2D.compositeOperation instead'

Assets\Editor\TEFOSmallMapRebuildTool.cs(530,17): warning CS0618: 'Collider2D.usedByComposite' is obsolete: 'usedByComposite has been deprecated. Use Collider2D.compositeOperation instead'
[ 998/1001  2s] ILPostProcess Library/Bee/artifacts/1900b0aE.dag/post-processed/Assembly-CSharp-Editor.dll (+pdb)
Processing assembly Library/Bee/artifacts/1900b0aE.dag/Assembly-CSharp-Editor.dll, with 126 defines and 337 references

processors: Unity.Jobs.CodeGen.JobsILPostProcessor, zzzUnity.Burst.CodeGen.BurstILPostProcessor

running Unity.Jobs.CodeGen.JobsILPostProcessor

running zzzUnity.Burst.CodeGen.BurstILPostProcessor
[ 999/1001  0s] CopyFiles Library/ScriptAssemblies/Assembly-CSharp-Editor.pdb
[1000/1001  0s] CopyFiles Library/ScriptAssemblies/Assembly-CSharp-Editor.dll
*** Tundra build success (16.54 seconds), 5 items updated, 1001 evaluated
Assets\Editor\TEFOReferenceWorldMapBuilder.cs(221,17): warning CS0618: 'Collider2D.usedByComposite' is obsolete: 'usedByComposite has been deprecated. Use Collider2D.compositeOperation instead'
Assets\Editor\TEFOMapLayerSetupTool.cs(191,9): warning CS0618: 'Collider2D.usedByComposite' is obsolete: 'usedByComposite has been deprecated. Use Collider2D.compositeOperation instead'
Assets\Editor\TEFOSmallMapRebuildTool.cs(530,17): warning CS0618: 'Collider2D.usedByComposite' is obsolete: 'usedByComposite has been deprecated. Use Collider2D.compositeOperation instead'
AssetDatabase: script compilation time: 24.848074s
Begin MonoManager ReloadAssembly
- Loaded All Assemblies, in  5.453 seconds
Refreshing native plugins compatible for Editor in 6.65 ms, found 4 plugins.
Native extension for iOS target not found
Native extension for Android target not found
Native extension for WindowsStandalone target not found
Mono: successfully reloaded assembly
- Finished resetting the current domain, in  4.649 seconds
Domain Reload Profiling: 10095ms
	BeginReloadAssembly (413ms)
		ExecutionOrderSort (0ms)
		DisableScriptedObjects (16ms)
		BackupInstance (0ms)
		ReleaseScriptingObjects (0ms)
		CreateAndSetChildDomain (158ms)
	RebuildCommonClasses (43ms)
	RebuildNativeTypeToScriptingClass (12ms)
	initialDomainReloadingComplete (37ms)
	LoadAllAssembliesAndSetupDomain (4940ms)
		LoadAssemblies (3829ms)
		RebuildTransferFunctionScriptingTraits (0ms)
		AnalyzeDomain (1291ms)
			TypeCache.Refresh (1196ms)
				TypeCache.ScanAssembly (1168ms)
			BuildScriptInfoCaches (75ms)
			ResolveRequiredComponents (15ms)
	FinalizeReload (4650ms)
		ReleaseScriptCaches (0ms)
		RebuildScriptCaches (0ms)
		SetupLoadedEditorAssemblies (4344ms)
			LogAssemblyErrors (0ms)
			InitializePlatformSupportModulesInManaged (32ms)
			SetLoadedEditorAssemblies (4ms)
			BeforeProcessingInitializeOnLoad (165ms)
			ProcessInitializeOnLoadAttributes (3834ms)
			ProcessInitializeOnLoadMethodAttributes (297ms)
			AfterProcessingInitializeOnLoad (12ms)
			EditorAssembliesLoaded (1ms)
		ExecutionOrderSort2 (0ms)
		AwakeInstancesAfterBackupRestoration (24ms)
Start importing Assets/Art/Vehicles/AE86_final/Reports/active_prefab_integration_unity.log using Guid(00fcdf6117b1a5c4cab7b1542611d7a0) (DefaultImporter) -> (artifact id: 'f868c599d156fba8530fb91a4a1f81ff') in 0.0961912 seconds
Start importing Assets/Art/Vehicles/AE86_final/Reports/active_prefab_integration_report.md using Guid(27564f5e5a36d9c419705dbbf989a658) (TextScriptImporter) -> (artifact id: '3103e1c748492aa1d518ad0ec5f8b9f8') in 0.0577065 seconds
Start importing Assets/Art/Vehicles/AE86_final/Reports/cleanup_report.md using Guid(390c3dd6b19f36d41955cf820651f82d) (TextScriptImporter) -> (artifact id: '1b9a3b39b2806f8ebaff43c02581e818') in 0.0078826 seconds
Refreshing native plugins compatible for Editor in 1.45 ms, found 4 plugins.
Preloading 0 native plugins for Editor in 0.00 ms.
Asset Pipeline Refresh (id=16dcd90524d258340a53330b1112c6b3): Total: 38.644 seconds - Initiated by InitialRefreshV2(ForceSynchronousImport)
	Summary:
		Imports: total=4 (actual=2, local cache=2, cache server=0)
		Asset DB Process Time: managed=9 ms, native=7678 ms
		Asset DB Callback time: managed=484 ms, native=77 ms
		Scripting: domain reloads=1, domain reload time=5454 ms, compile time=24850 ms, other=89 ms
		Project Asset Count: scripts=1545, non-scripts=4281
		Asset File Changes: new=1, changed=3, moved=0, deleted=0
		Scan Filter Count: 0
	InvokeCustomDependenciesCallbacks: 0.002ms
	InvokePackagesCallback: 66.577ms
	ApplyChangesToAssetFolders: 1.428ms
	Scan: 1820.410ms
	OnSourceAssetsModified: 2.770ms
	CategorizeAssetsWithTransientArtifact: 128.620ms
	ProcessAssetsWithTransientArtifactChanges: 190.971ms
	CategorizeAssets: 247.561ms
	ImportOutOfDateAssets: 4851.377ms (-20179.305ms without children)
		ImportManagerImport: 175.180ms (5.015ms without children)
			ImportInProcess: 170.105ms
			UpdateCategorizedAssets: 0.059ms
		CompileScripts: 24850.373ms
		ReloadNativeAssets: 0.102ms
		UnloadImportedAssets: 1.339ms
		ReloadImportedAssets: 0.002ms
		EnsureUptoDateAssetsAreRegisteredWithGuidPM: 2.088ms
		InitializingProgressBar: 0.032ms
		PostProcessAllAssetNotificationsAddChangedAssets: 0.002ms
		OnDemandSchedulerStart: 1.565ms
	PostProcessAllAssets: 487.293ms
	Hotreload: 7.321ms
	GatherAllCurrentPrimaryArtifactRevisions: 0.003ms
	UnloadStreamsBegin: 1.561ms
	PersistCurrentRevisions: 0.452ms
	UnloadStreamsEnd: 0.003ms
	GenerateScriptTypeHashes: 6.289ms
	Untracked: 30837.484ms

Application.AssetDatabase Initial Refresh End
Scanning for USB devices : 3.255ms
Initializing Unity extensions:
[MODES] ModeService[none].Initialize
[MODES] ModeService[none].LoadModes
[MODES] Loading mode Default (0) for mode-current-id-My project (1)
Unloading 16 Unused Serialized files (Serialized files now loaded: 0)
Unloading 6782 unused Assets / (3.3 MB). Loaded Objects now: 7519.
Memory consumption went from 202.1 MB to 198.8 MB.
Total: 21.772300 ms (FindLiveObjects: 1.529900 ms CreateObjectMapping: 1.345100 ms MarkObjects: 14.364800 ms  DeleteObjects: 4.528300 ms)

Loaded scene 'Library/Unused/31f8c8d7704c823448657067132051d8'
	Deserialize:            34.398 ms
	Integration:            9.602 ms
	Integration of assets:  0.286 ms
	Thread Wait Time:       0.011 ms
	Total Operation Time:   44.297 ms
AE86 integration preflight passed: 17 unique 186x186 Sprite assets and one editable visual component.
UnityEngine.Debug:ExtractStackTraceNoAlloc (byte*,int,string)
UnityEngine.StackTraceUtility:ExtractStackTrace ()
UnityEngine.DebugLogHandler:Internal_Log (UnityEngine.LogType,UnityEngine.LogOption,string,UnityEngine.Object)
UnityEngine.DebugLogHandler:LogFormat (UnityEngine.LogType,UnityEngine.Object,string,object[])
UnityEngine.Logger:Log (UnityEngine.LogType,object)
UnityEngine.Debug:Log (object)
AE86ActivePrefabIntegrationTool:Preflight (AE86ActivePrefabIntegrationTool/IntegrationState) (at Assets/Art/Vehicles/AE86_final/Reports/Editor/AE86ActivePrefabIntegrationTool.cs:229)
AE86ActivePrefabIntegrationTool:RunIntegration () (at Assets/Art/Vehicles/AE86_final/Reports/Editor/AE86ActivePrefabIntegrationTool.cs:126)
AE86ActivePrefabIntegrationTool:RunFromCommandLine () (at Assets/Art/Vehicles/AE86_final/Reports/Editor/AE86ActivePrefabIntegrationTool.cs:102)

(Filename: Assets/Art/Vehicles/AE86_final/Reports/Editor/AE86ActivePrefabIntegrationTool.cs Line: 229)

Loaded scene 'Library/Unused/3a8ad0ea50a7e4143ab17b330c3510f8'
	Deserialize:            0.554 ms
	Integration:            0.233 ms
	Integration of assets:  0.002 ms
	Thread Wait Time:       0.010 ms
	Total Operation Time:   0.799 ms
Start importing Assets/Prefab/Vehicles/Car_AE86.prefab using Guid(16d0df90c1c820949b23ba9e7df55497) (PrefabImporter) -> (artifact id: 'ab751aa86484d5d1b4dbee1992677b13') in 0.01284 seconds
Start importing Assets/Tests/AE86Step1F/Prefabs/Car_AE86_Step1F_Test.prefab using Guid(93f2f987bef91344094272bd1dd3624f) (PrefabImporter) -> (artifact id: '03687f3f2e18f3a8573fbe744e84b477') in 0.0334527 seconds
Refreshing native plugins compatible for Editor in 1.18 ms, found 4 plugins.
Preloading 0 native plugins for Editor in 0.00 ms.
Asset Pipeline Refresh (id=aaed75806b22a304ab332549e919d4a4): Total: 0.221 seconds - Initiated by StopAssetImportingV2(NoUpdateAssetOptions)
Start importing Assets/Prefab/Vehicles/Car_AE86.prefab using Guid(16d0df90c1c820949b23ba9e7df55497) (PrefabImporter) -> (artifact id: 'ab751aa86484d5d1b4dbee1992677b13') in 0.0069919 seconds
Refreshing native plugins compatible for Editor in 1.42 ms, found 4 plugins.
Preloading 0 native plugins for Editor in 0.00 ms.
Asset Pipeline Refresh (id=61eb0139a5697e04595579b0a758e882): Total: 0.048 seconds - Initiated by StopAssetImportingV2(NoUpdateAssetOptions)
Loaded scene 'Library/Unused/ab7559952c0bbfb4cb89985a7faf0c63'
	Deserialize:            0.586 ms
	Integration:            0.322 ms
	Integration of assets:  0.002 ms
	Thread Wait Time:       0.010 ms
	Total Operation Time:   0.921 ms
AE86 active prefab integration completed. ACTIVE_PREFAB_INTEGRATION_COMPLETE_MANUAL_PLAYMODE_REQUIRED
UnityEngine.Debug:ExtractStackTraceNoAlloc (byte*,int,string)
UnityEngine.StackTraceUtility:ExtractStackTrace ()
UnityEngine.DebugLogHandler:Internal_Log (UnityEngine.LogType,UnityEngine.LogOption,string,UnityEngine.Object)
UnityEngine.DebugLogHandler:LogFormat (UnityEngine.LogType,UnityEngine.Object,string,object[])
UnityEngine.Logger:Log (UnityEngine.LogType,object)
UnityEngine.Debug:Log (object)
AE86ActivePrefabIntegrationTool:RunIntegration () (at Assets/Art/Vehicles/AE86_final/Reports/Editor/AE86ActivePrefabIntegrationTool.cs:140)
AE86ActivePrefabIntegrationTool:RunFromCommandLine () (at Assets/Art/Vehicles/AE86_final/Reports/Editor/AE86ActivePrefabIntegrationTool.cs:102)

(Filename: Assets/Art/Vehicles/AE86_final/Reports/Editor/AE86ActivePrefabIntegrationTool.cs Line: 140)

Curl error 42: Callback aborted
[Physics::Module] Cleanup current backned.
[Physics::Module] Id: 0xf2b8ea05
Input System module state changed to: ShutdownInProgress.
Input System polling thread exited.
Input System module state changed to: Shutdown.
[Licensing::IpcConnector] LicenseClient-ThienBao-notifications channel disconnected successfully.
[Licensing::IpcConnector] LicenseClient-ThienBao channel disconnected successfully.
AcceleratorClientConnectionCallback - disconnected - :0
Cleanup mono
Checking for leaked weakptr:
  Found no leaked weakptrs.
[Package Manager] Server process was shutdown
##utp:{"type":"MemoryLeaks","version":2,"phase":"Immediate","time":1784166717385,"processId":21596,"allocatedMemory":18687554,"memoryLabels":[{"Default":26733},{"Permanent":15356},{"NewDelete":67393},{"Thread":4230384},{"Manager":30034},{"VertexData":8},{"Geometry":816},{"VFX":-104},{"Texture":160},{"Shader":78749},{"Material":24},{"GfxDevice":55168},{"Animation":392},{"Audio":4040},{"FontEngine":256},{"Physics":2081},{"Serialization":688},{"Input":14824},{"JobScheduler":33024},{"TextLib":160},{"Mono":32},{"MonoCode":64},{"ScriptingNativeRuntime":155060},{"BaseObject":1620240},{"Resource":1304},{"Renderer":2928},{"Transform":4646},{"File":1016},{"WebCam":616},{"Culling":32},{"Terrain":11394},{"Wind":24},{"STL":40},{"String":12716},{"DynamicArray":113125},{"HashMap":74166},{"Utility":2660350},{"Curl":48},{"PoolAlloc":1864},{"AI":104},{"TypeTree":5005},{"ScriptManager":512},{"RuntimeInitializeOnLoadManager":64},{"SpriteAtlas":112},{"GI":7888},{"Director":8240},{"CloudService":7664},{"WebRequest":845},{"VR":45969},{"SceneManager":496},{"Video":64},{"LazyScriptCache":32},{"Camera":17},{"Secure":1},{"Image":4096},{"SerializationCache":1576},{"APIUpdating":10320},{"Subsystems":336},{"VirtualTexturing":57888},{"StaticSafetyDebugInfo":278528},{"Analytics":384},{"Hierarchy":272},{"Gui":80},{"EditorUtility":54625},{"VersionControl":4},{"Undo":947},{"AssetDatabase":8930083},{"EditorGi":328},{"UnityConnect":24184},{"Upm":2036},{"DrivenProperties":72},{"LocalIPC":214},{"ProfilerEditor":9746},{"CoreBusinessMetrics":13675},{"Licensing":1232},{"AssetReference":32},{"IPCStream":32}]}


===== POST-CLEANUP UNITY COMPILE VALIDATION =====
[Licensing::Module] Trying to connect to existing licensing client channel...
Built from '6000.0/staging' branch; Version is '6000.0.62f1 (f99f05b3e950) revision 16359173'; Using compiler version '193933523'; Build Type 'Release'
OS: 'Windows 11  (10.0.26200) 64bit CoreSingleLanguage' Language: 'en' Physical Memory: 15741 MB
BatchMode: 1, IsHumanControllingUs: 0, StartBugReporterOnCrash: 0, Is64bit: 1
Date: 2026-07-16T01:53:57Z
[Licensing::IpcConnector] Channel LicenseClient-ThienBao doesn't exist
[Licensing::Module] Successfully launched the LicensingClient (PId: 25492)

COMMAND LINE ARGUMENTS:
D:\Program\6000.0.62f1\Editor\Unity.exe
-batchmode
-nographics
-quit
-projectPath
D:\myPro\game\TEFO
-logFile
D:\myPro\game\TEFO\Docs\AE86Production32Fix\ActiveIntegrationBackup\post_cleanup_unity.log
Successfully changed project path to: D:\myPro\game\TEFO
D:/myPro/game/TEFO
[UnityMemory] Configuration Parameters - Can be set up in boot.config
    "memorysetup-bucket-allocator-granularity=16"
    "memorysetup-bucket-allocator-bucket-count=8"
    "memorysetup-bucket-allocator-block-size=33554432"
    "memorysetup-bucket-allocator-block-count=8"
    "memorysetup-main-allocator-block-size=16777216"
    "memorysetup-thread-allocator-block-size=16777216"
    "memorysetup-gfx-main-allocator-block-size=16777216"
    "memorysetup-gfx-thread-allocator-block-size=16777216"
    "memorysetup-cache-allocator-block-size=4194304"
    "memorysetup-typetree-allocator-block-size=2097152"
    "memorysetup-profiler-bucket-allocator-granularity=16"
    "memorysetup-profiler-bucket-allocator-bucket-count=8"
    "memorysetup-profiler-bucket-allocator-block-size=33554432"
    "memorysetup-profiler-bucket-allocator-block-count=8"
    "memorysetup-profiler-allocator-block-size=16777216"
    "memorysetup-profiler-editor-allocator-block-size=1048576"
    "memorysetup-temp-allocator-size-main=16777216"
    "memorysetup-job-temp-allocator-block-size=2097152"
    "memorysetup-job-temp-allocator-block-size-background=1048576"
    "memorysetup-job-temp-allocator-reduction-small-platforms=262144"
    "memorysetup-allocator-temp-initial-block-size-main=262144"
    "memorysetup-allocator-temp-initial-block-size-worker=262144"
    "memorysetup-temp-allocator-size-background-worker=32768"
    "memorysetup-temp-allocator-size-job-worker=262144"
    "memorysetup-temp-allocator-size-preload-manager=33554432"
    "memorysetup-temp-allocator-size-nav-mesh-worker=65536"
    "memorysetup-temp-allocator-size-audio-worker=65536"
    "memorysetup-temp-allocator-size-cloud-worker=32768"
    "memorysetup-temp-allocator-size-gi-baking-worker=262144"
    "memorysetup-temp-allocator-size-gi-baking-worker=262144"
    "memorysetup-temp-allocator-size-gi-baking-worker=262144"
    "memorysetup-temp-allocator-size-gi-baking-worker=262144"
    "memorysetup-temp-allocator-size-gi-baking-worker=262144"
    "memorysetup-temp-allocator-size-gfx=262144"
Player connection [9628]  Target information:

Player connection [9628]  * "[IP] 169.254.227.235 [Port] 55504 [Flags] 2 [Guid] 1560302544 [EditorId] 1560302544 [Version] 1048832 [Id] WindowsEditor(7,ThienBaoNe) [Debug] 1 [PackageName] WindowsEditor [ProjectName] Editor" 

Player connection [9628]  * "[IP] 192.168.1.5 [Port] 55504 [Flags] 2 [Guid] 1560302544 [EditorId] 1560302544 [Version] 1048832 [Id] WindowsEditor(7,ThienBaoNe) [Debug] 1 [PackageName] WindowsEditor [ProjectName] Editor" 

Player connection [9628] Host joined multi-casting on [225.0.0.222:54997]...
Player connection [9628] Host joined alternative multi-casting on [225.0.0.222:34997]...
Input System module state changed to: Initialized.
[Physics::Module] Initialized fallback backend.
[Physics::Module] Id: 0xdecafbad
[Licensing::IpcConnector] Successfully connected to: "LicenseClient-ThienBao" at "2026-07-16T01:53:57.7537922Z"
[Licensing::Client] Code 10 while verifying Licensing Client signature (process Id: 25492, path: "D:/Program/6000.0.62f1/Editor/Data/Resources/Licensing/Client/Unity.Licensing.Client.exe")
[Licensing::Module] LicensingClient has failed validation; ignoring
[Licensing::Client] Handshaking with LicensingClient:
  Version:                 1.17.2+ff71f16
  Session Id:              48a17c7ebaf6436685871886a9116d5c
  Correlation Id:          ae152d6833d9a3311b2164beec6cbc2a
  External correlation Id: 31383367059647334
  Machine Id:              I0qsWkULXMkyGsrNf5MSqdLDWcE=
[Licensing::Module] Successfully connected to LicensingClient on channel: "LicenseClient-ThienBao" (connect: 0.57s, validation: 0.06s, handshake: 0.05s)
[Licensing::IpcConnector] Successfully connected to: "LicenseClient-ThienBao-notifications" at "2026-07-16T01:53:57.8738029Z"
[Licensing::Module] Connected to LicensingClient (PId: 25492, launch time: 0.01, total connection time: 0.69s)
[Licensing::Module] Error: Access token is unavailable; failed to update
[Licensing::Client] Successfully resolved entitlement details
[Licensing::Module] License group:
  Id: 18968349489754-UnityPersXXXX
  Product: Unity Personal
  Type: Assigned
  Expiration: Unlimited
[Licensing::Client] Successfully updated license, isAsync: True, time: 0.01
[Licensing::Client] Successfully resolved entitlement details
[Licensing::Module] Licensing Background thread has ended after 0.73s
[Package Manager] Connected to IPC stream "Upm-24464" after 0.7 seconds.
Library Redirect Path: Library/
[Physics::Module] Selected backend.
[Physics::Module] Name: PhysX
[Physics::Module] Id: 0xf2b8ea05
[Physics::Module] SDK Version: 4.1.2
[Physics::Module] Integration Version: 1.0.0
[Physics::Module] Threading Mode: Multi-Threaded
Artifact Garbage Collection - Removed 2 unused hashed content filesRefreshing native plugins compatible for Editor in 0.63 ms, found 0 plugins.
Preloading 0 native plugins for Editor in 0.00 ms.
Initialize engine version: 6000.0.62f1 (f99f05b3e950)
[Subsystems] Discovering subsystems at path D:/Program/6000.0.62f1/Editor/Data/Resources/UnitySubsystems
[Subsystems] Discovering subsystems at path D:/myPro/game/TEFO/Assets
Forcing GfxDevice: Null
GfxDevice: creating device client; kGfxThreadingModeNonThreaded
NullGfxDevice:
    Version:  NULL 1.0 [1.0]
    Renderer: Null Device
    Vendor:   Unity Technologies
Shader Hidden/ProbeVolume/VoxelizeScene is not supported: GPU does not support conservative rasterization
Initialize mono
Mono path[0] = 'D:/Program/6000.0.62f1/Editor/Data/Managed'
Mono path[1] = 'D:/Program/6000.0.62f1/Editor/Data/MonoBleedingEdge/lib/mono/unityjit-win32'
Mono config path = 'D:/Program/6000.0.62f1/Editor/Data/MonoBleedingEdge/etc'
Using monoOptions --debugger-agent=transport=dt_socket,embedding=1,server=y,suspend=n,address=127.0.0.1:56464
Using cacheserver namespaces - metadata:defaultmetadata, artifacts:defaultartifacts
Using cacheserver namespaces - metadata:defaultmetadata, artifacts:defaultartifacts
ImportWorker Server TCP listen port: 0
AcceleratorClientConnectionCallback - disconnected - :0
Begin MonoManager ReloadAssembly
Registering precompiled unity dll's ...
Register platform support module: D:/Program/6000.0.62f1/Editor/Data/PlaybackEngines/WindowsStandaloneSupport/UnityEditor.WindowsStandalone.Extensions.dll
[Licensing::Client] Successfully resolved entitlement details
Register platform support module: D:/Program/6000.0.62f1/Editor/Data/PlaybackEngines/AndroidPlayer/UnityEditor.Android.Extensions.dll
[Licensing::Client] Successfully resolved entitlement details
Register platform support module: D:/Program/6000.0.62f1/Editor/Data/PlaybackEngines/iOSSupport/UnityEditor.iOS.Extensions.dll
Registered in 0.015438 seconds.
- Loaded All Assemblies, in  0.595 seconds
Native extension for iOS target not found
Native extension for Android target not found
Native extension for WindowsStandalone target not found
Mono: successfully reloaded assembly
- Finished resetting the current domain, in  0.426 seconds
Domain Reload Profiling: 1020ms
	BeginReloadAssembly (204ms)
		ExecutionOrderSort (0ms)
		DisableScriptedObjects (0ms)
		BackupInstance (0ms)
		ReleaseScriptingObjects (0ms)
		CreateAndSetChildDomain (2ms)
	RebuildCommonClasses (44ms)
	RebuildNativeTypeToScriptingClass (10ms)
	initialDomainReloadingComplete (69ms)
	LoadAllAssembliesAndSetupDomain (265ms)
		LoadAssemblies (202ms)
		RebuildTransferFunctionScriptingTraits (0ms)
		AnalyzeDomain (260ms)
			TypeCache.Refresh (258ms)
				TypeCache.ScanAssembly (238ms)
			BuildScriptInfoCaches (0ms)
			ResolveRequiredComponents (1ms)
	FinalizeReload (426ms)
		ReleaseScriptCaches (0ms)
		RebuildScriptCaches (0ms)
		SetupLoadedEditorAssemblies (388ms)
			LogAssemblyErrors (0ms)
			InitializePlatformSupportModulesInManaged (109ms)
			SetLoadedEditorAssemblies (7ms)
			BeforeProcessingInitializeOnLoad (47ms)
			ProcessInitializeOnLoadAttributes (149ms)
			ProcessInitializeOnLoadMethodAttributes (76ms)
			AfterProcessingInitializeOnLoad (0ms)
			EditorAssembliesLoaded (0ms)
		ExecutionOrderSort2 (0ms)
		AwakeInstancesAfterBackupRestoration (0ms)
[Licensing::Client] Successfully resolved entitlement details
Application.AssetDatabase Initial Refresh Start
Package Manager log level set to [2]
[Package Manager] Restoring resolved packages state from cache
[Licensing::Client] Successfully resolved entitlement details
[Package Manager] Registered 65 packages:
  Packages from [https://packages.unity.com]:
    com.unity.collab-proxy@2.10.0 (location: D:\myPro\game\TEFO\Library\PackageCache\com.unity.collab-proxy@1e5e48aff19d)
    com.unity.ide.rider@3.0.38 (location: D:\myPro\game\TEFO\Library\PackageCache\com.unity.ide.rider@1f60b3138684)
    com.unity.ide.visualstudio@2.0.25 (location: D:\myPro\game\TEFO\Library\PackageCache\com.unity.ide.visualstudio@74aa435fc4bb)
    com.unity.inputsystem@1.14.2 (location: D:\myPro\game\TEFO\Library\PackageCache\com.unity.inputsystem@be6c4fd0abf5)
    com.unity.timeline@1.8.9 (location: D:\myPro\game\TEFO\Library\PackageCache\com.unity.timeline@6b9e48457ddb)
    com.unity.visualscripting@1.9.7 (location: D:\myPro\game\TEFO\Library\PackageCache\com.unity.visualscripting@6279e2b7c485)
    com.unity.2d.animation@10.2.1 (location: D:\myPro\game\TEFO\Library\PackageCache\com.unity.2d.animation@81ad133dbdf1)
    com.unity.2d.pixel-perfect@5.0.3 (location: D:\myPro\game\TEFO\Library\PackageCache\com.unity.2d.pixel-perfect@e3ae982b672d)
    com.unity.2d.psdimporter@9.1.0 (location: D:\myPro\game\TEFO\Library\PackageCache\com.unity.2d.psdimporter@e0ffc26deb40)
    com.unity.2d.spriteshape@10.0.7 (location: D:\myPro\game\TEFO\Library\PackageCache\com.unity.2d.spriteshape@9e35352ae135)
    com.unity.2d.tilemap.extras@4.1.0 (location: D:\myPro\game\TEFO\Library\PackageCache\com.unity.2d.tilemap.extras@13634da7dbe0)
    com.unity.2d.aseprite@1.1.10 (location: D:\myPro\game\TEFO\Library\PackageCache\com.unity.2d.aseprite@dba7c65ef731)
    com.unity.searcher@4.9.3 (location: D:\myPro\game\TEFO\Library\PackageCache\com.unity.searcher@1e17ce91558d)
    com.unity.burst@1.8.25 (location: D:\myPro\game\TEFO\Library\PackageCache\com.unity.burst@1df634d836b8)
    com.unity.mathematics@1.3.2 (location: D:\myPro\game\TEFO\Library\PackageCache\com.unity.mathematics@8017b507cc74)
    com.unity.collections@2.6.2 (location: D:\myPro\game\TEFO\Library\PackageCache\com.unity.collections@aea9d3bd5e19)
    com.unity.2d.common@9.1.1 (location: D:\myPro\game\TEFO\Library\PackageCache\com.unity.2d.common@bc041c6e0d0d)
    com.unity.nuget.mono-cecil@1.11.5 (location: D:\myPro\game\TEFO\Library\PackageCache\com.unity.nuget.mono-cecil@d78732e851eb)
    com.unity.test-framework.performance@3.2.0 (location: D:\myPro\game\TEFO\Library\PackageCache\com.unity.test-framework.performance@0840f58e4562)
  Built-in packages:
    com.unity.feature.2d@2.0.1 (location: D:\myPro\game\TEFO\Library\PackageCache\com.unity.feature.2d@dd1ea8910f12)
    com.unity.multiplayer.center@1.0.0 (location: D:\myPro\game\TEFO\Library\PackageCache\com.unity.multiplayer.center@f3fb577b3546)
    com.unity.render-pipelines.universal@17.0.4 (location: D:\myPro\game\TEFO\Library\PackageCache\com.unity.render-pipelines.universal@7652a5c7e246)
    com.unity.test-framework@1.6.0 (location: D:\myPro\game\TEFO\Library\PackageCache\com.unity.test-framework@da1fb3d479aa)
    com.unity.ugui@2.0.0 (location: D:\myPro\game\TEFO\Library\PackageCache\com.unity.ugui@befc7af3e8e5)
    com.unity.modules.accessibility@1.0.0 (location: D:\Program\6000.0.62f1\Editor\Data\Resources\PackageManager\BuiltInPackages\com.unity.modules.accessibility)
    com.unity.modules.ai@1.0.0 (location: D:\Program\6000.0.62f1\Editor\Data\Resources\PackageManager\BuiltInPackages\com.unity.modules.ai)
    com.unity.modules.androidjni@1.0.0 (location: D:\Program\6000.0.62f1\Editor\Data\Resources\PackageManager\BuiltInPackages\com.unity.modules.androidjni)
    com.unity.modules.animation@1.0.0 (location: D:\Program\6000.0.62f1\Editor\Data\Resources\PackageManager\BuiltInPackages\com.unity.modules.animation)
    com.unity.modules.assetbundle@1.0.0 (location: D:\Program\6000.0.62f1\Editor\Data\Resources\PackageManager\BuiltInPackages\com.unity.modules.assetbundle)
    com.unity.modules.audio@1.0.0 (location: D:\Program\6000.0.62f1\Editor\Data\Resources\PackageManager\BuiltInPackages\com.unity.modules.audio)
    com.unity.modules.cloth@1.0.0 (location: D:\Program\6000.0.62f1\Editor\Data\Resources\PackageManager\BuiltInPackages\com.unity.modules.cloth)
    com.unity.modules.director@1.0.0 (location: D:\Program\6000.0.62f1\Editor\Data\Resources\PackageManager\BuiltInPackages\com.unity.modules.director)
    com.unity.modules.imageconversion@1.0.0 (location: D:\Program\6000.0.62f1\Editor\Data\Resources\PackageManager\BuiltInPackages\com.unity.modules.imageconversion)
    com.unity.modules.imgui@1.0.0 (location: D:\Program\6000.0.62f1\Editor\Data\Resources\PackageManager\BuiltInPackages\com.unity.modules.imgui)
    com.unity.modules.jsonserialize@1.0.0 (location: D:\Program\6000.0.62f1\Editor\Data\Resources\PackageManager\BuiltInPackages\com.unity.modules.jsonserialize)
    com.unity.modules.particlesystem@1.0.0 (location: D:\Program\6000.0.62f1\Editor\Data\Resources\PackageManager\BuiltInPackages\com.unity.modules.particlesystem)
    com.unity.modules.physics@1.0.0 (location: D:\Program\6000.0.62f1\Editor\Data\Resources\PackageManager\BuiltInPackages\com.unity.modules.physics)
    com.unity.modules.physics2d@1.0.0 (location: D:\Program\6000.0.62f1\Editor\Data\Resources\PackageManager\BuiltInPackages\com.unity.modules.physics2d)
    com.unity.modules.screencapture@1.0.0 (location: D:\Program\6000.0.62f1\Editor\Data\Resources\PackageManager\BuiltInPackages\com.unity.modules.screencapture)
    com.unity.modules.terrain@1.0.0 (location: D:\Program\6000.0.62f1\Editor\Data\Resources\PackageManager\BuiltInPackages\com.unity.modules.terrain)
    com.unity.modules.terrainphysics@1.0.0 (location: D:\Program\6000.0.62f1\Editor\Data\Resources\PackageManager\BuiltInPackages\com.unity.modules.terrainphysics)
    com.unity.modules.tilemap@1.0.0 (location: D:\Program\6000.0.62f1\Editor\Data\Resources\PackageManager\BuiltInPackages\com.unity.modules.tilemap)
    com.unity.modules.ui@1.0.0 (location: D:\Program\6000.0.62f1\Editor\Data\Resources\PackageManager\BuiltInPackages\com.unity.modules.ui)
    com.unity.modules.uielements@1.0.0 (location: D:\Program\6000.0.62f1\Editor\Data\Resources\PackageManager\BuiltInPackages\com.unity.modules.uielements)
    com.unity.modules.umbra@1.0.0 (location: D:\Program\6000.0.62f1\Editor\Data\Resources\PackageManager\BuiltInPackages\com.unity.modules.umbra)
    com.unity.modules.unityanalytics@1.0.0 (location: D:\Program\6000.0.62f1\Editor\Data\Resources\PackageManager\BuiltInPackages\com.unity.modules.unityanalytics)
    com.unity.modules.unitywebrequest@1.0.0 (location: D:\Program\6000.0.62f1\Editor\Data\Resources\PackageManager\BuiltInPackages\com.unity.modules.unitywebrequest)
    com.unity.modules.unitywebrequestassetbundle@1.0.0 (location: D:\Program\6000.0.62f1\Editor\Data\Resources\PackageManager\BuiltInPackages\com.unity.modules.unitywebrequestassetbundle)
    com.unity.modules.unitywebrequestaudio@1.0.0 (location: D:\Program\6000.0.62f1\Editor\Data\Resources\PackageManager\BuiltInPackages\com.unity.modules.unitywebrequestaudio)
    com.unity.modules.unitywebrequesttexture@1.0.0 (location: D:\Program\6000.0.62f1\Editor\Data\Resources\PackageManager\BuiltInPackages\com.unity.modules.unitywebrequesttexture)
    com.unity.modules.unitywebrequestwww@1.0.0 (location: D:\Program\6000.0.62f1\Editor\Data\Resources\PackageManager\BuiltInPackages\com.unity.modules.unitywebrequestwww)
    com.unity.modules.vehicles@1.0.0 (location: D:\Program\6000.0.62f1\Editor\Data\Resources\PackageManager\BuiltInPackages\com.unity.modules.vehicles)
    com.unity.modules.video@1.0.0 (location: D:\Program\6000.0.62f1\Editor\Data\Resources\PackageManager\BuiltInPackages\com.unity.modules.video)
    com.unity.modules.vr@1.0.0 (location: D:\Program\6000.0.62f1\Editor\Data\Resources\PackageManager\BuiltInPackages\com.unity.modules.vr)
    com.unity.modules.wind@1.0.0 (location: D:\Program\6000.0.62f1\Editor\Data\Resources\PackageManager\BuiltInPackages\com.unity.modules.wind)
    com.unity.modules.xr@1.0.0 (location: D:\Program\6000.0.62f1\Editor\Data\Resources\PackageManager\BuiltInPackages\com.unity.modules.xr)
    com.unity.modules.subsystems@1.0.0 (location: D:\Program\6000.0.62f1\Editor\Data\Resources\PackageManager\BuiltInPackages\com.unity.modules.subsystems)
    com.unity.modules.hierarchycore@1.0.0 (location: D:\Program\6000.0.62f1\Editor\Data\Resources\PackageManager\BuiltInPackages\com.unity.modules.hierarchycore)
    com.unity.ext.nunit@2.0.5 (location: D:\myPro\game\TEFO\Library\PackageCache\com.unity.ext.nunit@031a54704bff)
    com.unity.render-pipelines.core@17.0.4 (location: D:\myPro\game\TEFO\Library\PackageCache\com.unity.render-pipelines.core@3b8a69964696)
    com.unity.shadergraph@17.0.4 (location: D:\myPro\game\TEFO\Library\PackageCache\com.unity.shadergraph@ed1bdfe1a012)
    com.unity.render-pipelines.universal-config@17.0.3 (location: D:\myPro\game\TEFO\Library\PackageCache\com.unity.render-pipelines.universal-config@dd206bf35d04)
    com.unity.2d.sprite@1.0.0 (location: D:\myPro\game\TEFO\Library\PackageCache\com.unity.2d.sprite@897b7eecf04e)
    com.unity.2d.tilemap@1.0.0 (location: D:\myPro\game\TEFO\Library\PackageCache\com.unity.2d.tilemap@e147c8eadabf)
    com.unity.rendering.light-transport@1.0.1 (location: D:\myPro\game\TEFO\Library\PackageCache\com.unity.rendering.light-transport@9bd588f963c0)
[Subsystems] No new subsystems found in resolved package list.
[Package Manager] Done registering packages in 0.03 seconds
[ScriptCompilation] Requested script compilation because: Assetdatabase observed changes in script compilation related files
Starting: D:\Program\6000.0.62f1\Editor\Data\bee_backend.exe --ipc --defer-dag-verification --dagfile="Library/Bee/1900b0aE.dag" --continue-on-failure --profile="Library/Bee/backend1.traceevents" ScriptAssemblies
WorkingDir: D:/myPro/game/TEFO
DisplayProgressbar: Compiling Scripts
ExitCode: 4 Duration: 0s394ms
Rebuilding DAG because FileSignature timestamp changed: Library/Bee/1900b0aE-inputdata.json
*** Tundra requires additional run (0.33 seconds), 0 items updated, 541 evaluated
Starting: D:\Program\6000.0.62f1\Editor\Data\Tools\netcorerun\netcorerun.exe "D:\Program\6000.0.62f1\Editor\Data\Tools\BuildPipeline\ScriptCompilationBuildProgram.exe" "Library/Bee/1900b0aE.dag.json" "Library/Bee/1900b0aE-inputdata.json" "Library\Bee\buildprogram0.traceevents"
WorkingDir: D:/myPro/game/TEFO
ExitCode: 0 Duration: 6s746ms
Starting: D:\Program\6000.0.62f1\Editor\Data\bee_backend.exe --ipc --defer-dag-verification --dagfile="Library/Bee/1900b0aE.dag" --continue-on-failure --dagfilejson="Library\Bee\1900b0aE.dag.json" --profile="Library/Bee/backend2.traceevents" ScriptAssemblies
WorkingDir: D:/myPro/game/TEFO
ExitCode: 0 Duration: 3s810ms
Finished compiling graph: 1004 nodes, 18494 flattened edges (15058 ToBuild, 160 ToUse), maximum node priority 1150
[ 539/1001  0s] WriteText Library/Bee/artifacts/1900b0aE.dag/Assembly-CSharp-Editor.rsp
[ 777/1001  0s] ILPP-Configuration Library/ilpp-configuration.nevergeneratedoutput
[ 997/1001  1s] Csc Library/Bee/artifacts/1900b0aE.dag/Assembly-CSharp-Editor.dll (+2 others)
Assets\Editor\TEFOMapLayerSetupTool.cs(191,9): warning CS0618: 'Collider2D.usedByComposite' is obsolete: 'usedByComposite has been deprecated. Use Collider2D.compositeOperation instead'

Assets\Editor\TEFOReferenceWorldMapBuilder.cs(221,17): warning CS0618: 'Collider2D.usedByComposite' is obsolete: 'usedByComposite has been deprecated. Use Collider2D.compositeOperation instead'

Assets\Editor\TEFOSmallMapRebuildTool.cs(530,17): warning CS0618: 'Collider2D.usedByComposite' is obsolete: 'usedByComposite has been deprecated. Use Collider2D.compositeOperation instead'
[ 998/1001  0s] ILPostProcess Library/Bee/artifacts/1900b0aE.dag/post-processed/Assembly-CSharp-Editor.dll (+pdb)
Processing assembly Library/Bee/artifacts/1900b0aE.dag/Assembly-CSharp-Editor.dll, with 126 defines and 337 references

processors: Unity.Jobs.CodeGen.JobsILPostProcessor, zzzUnity.Burst.CodeGen.BurstILPostProcessor

running Unity.Jobs.CodeGen.JobsILPostProcessor

running zzzUnity.Burst.CodeGen.BurstILPostProcessor
[ 999/1001  0s] CopyFiles Library/ScriptAssemblies/Assembly-CSharp-Editor.dll
[1000/1001  0s] CopyFiles Library/ScriptAssemblies/Assembly-CSharp-Editor.pdb
*** Tundra build success (3.75 seconds), 6 items updated, 1001 evaluated
Assets\Editor\TEFOMapLayerSetupTool.cs(191,9): warning CS0618: 'Collider2D.usedByComposite' is obsolete: 'usedByComposite has been deprecated. Use Collider2D.compositeOperation instead'
Assets\Editor\TEFOReferenceWorldMapBuilder.cs(221,17): warning CS0618: 'Collider2D.usedByComposite' is obsolete: 'usedByComposite has been deprecated. Use Collider2D.compositeOperation instead'
Assets\Editor\TEFOSmallMapRebuildTool.cs(530,17): warning CS0618: 'Collider2D.usedByComposite' is obsolete: 'usedByComposite has been deprecated. Use Collider2D.compositeOperation instead'
Total cache size 62506928
Total cache size after purge 62506928, took 00:00:00.0822370
AssetDatabase: script compilation time: 11.763352s
Begin MonoManager ReloadAssembly
- Loaded All Assemblies, in  1.573 seconds
Refreshing native plugins compatible for Editor in 1.94 ms, found 4 plugins.
Native extension for iOS target not found
Native extension for Android target not found
Native extension for WindowsStandalone target not found
Mono: successfully reloaded assembly
- Finished resetting the current domain, in  4.621 seconds
Domain Reload Profiling: 6194ms
	BeginReloadAssembly (332ms)
		ExecutionOrderSort (0ms)
		DisableScriptedObjects (18ms)
		BackupInstance (0ms)
		ReleaseScriptingObjects (0ms)
		CreateAndSetChildDomain (47ms)
	RebuildCommonClasses (49ms)
	RebuildNativeTypeToScriptingClass (9ms)
	initialDomainReloadingComplete (54ms)
	LoadAllAssembliesAndSetupDomain (1122ms)
		LoadAssemblies (895ms)
		RebuildTransferFunctionScriptingTraits (0ms)
		AnalyzeDomain (433ms)
			TypeCache.Refresh (341ms)
				TypeCache.ScanAssembly (318ms)
			BuildScriptInfoCaches (63ms)
			ResolveRequiredComponents (20ms)
	FinalizeReload (4629ms)
		ReleaseScriptCaches (0ms)
		RebuildScriptCaches (0ms)
		SetupLoadedEditorAssemblies (4192ms)
			LogAssemblyErrors (0ms)
			InitializePlatformSupportModulesInManaged (39ms)
			SetLoadedEditorAssemblies (4ms)
			BeforeProcessingInitializeOnLoad (178ms)
			ProcessInitializeOnLoadAttributes (3702ms)
			ProcessInitializeOnLoadMethodAttributes (259ms)
			AfterProcessingInitializeOnLoad (8ms)
			EditorAssembliesLoaded (1ms)
		ExecutionOrderSort2 (0ms)
		AwakeInstancesAfterBackupRestoration (13ms)
Start importing Assets/Art/Vehicles/AE86_final/Reports/active_prefab_integration_unity.log using Guid(00fcdf6117b1a5c4cab7b1542611d7a0) (DefaultImporter) -> (artifact id: '9b35c592ea5f7019d9772e2ce1bd19a8') in 0.0500326 seconds
Start importing Assets/Art/Vehicles/AE86_final/Reports/active_prefab_before_after.sha256 using Guid(ac9b660356fbf634eb4f1a6b455df4f5) (DefaultImporter) -> (artifact id: '41a3470fbdb1a508f1a9699c81fa09fb') in 0.0224858 seconds
Start importing Assets/Art/Vehicles/AE86_final/Reports/active_prefab_sprite_binding.csv using Guid(621ccb7f960eb9d42b3ade77ef6b47bf) (TextScriptImporter) -> (artifact id: 'bd264c716c601e4cf14094366759ec45') in 0.0083575 seconds
Start importing Assets/Art/Vehicles/AE86_final/Reports/active_runtime32_mapping.csv using Guid(56ce8228cb4dfec41a51d30956f207ec) (TextScriptImporter) -> (artifact id: '29e4dcf78ec1784dbd6880eb03d5f54b') in 0.0122384 seconds
Start importing Assets/Art/Vehicles/AE86_final/Reports/active_prefab_integration_report.md using Guid(27564f5e5a36d9c419705dbbf989a658) (TextScriptImporter) -> (artifact id: '5c92b70b62a34eb99d495a361c8b71a5') in 0.0069912 seconds
Refreshing native plugins compatible for Editor in 2.36 ms, found 4 plugins.
Preloading 0 native plugins for Editor in 0.00 ms.
Asset Pipeline Refresh (id=5b95f7dcce6f7fb4f8f54db874cba511): Total: 19.960 seconds - Initiated by InitialRefreshV2(ForceSynchronousImport)
	Summary:
		Imports: total=3 (actual=3, local cache=0, cache server=0)
		Asset DB Process Time: managed=6 ms, native=5966 ms
		Asset DB Callback time: managed=530 ms, native=39 ms
		Scripting: domain reloads=1, domain reload time=1574 ms, compile time=11765 ms, other=78 ms
		Project Asset Count: scripts=1544, non-scripts=4284
		Asset File Changes: new=3, changed=5, moved=0, deleted=2
		Scan Filter Count: 0
	InvokeCustomDependenciesCallbacks: 0.002ms
	InvokePackagesCallback: 35.110ms
	ApplyChangesToAssetFolders: 0.863ms
	Scan: 479.040ms
	OnSourceAssetsModified: 2.180ms
	CategorizeAssetsWithTransientArtifact: 71.471ms
	ProcessAssetsWithTransientArtifactChanges: 169.438ms
	UnregisterDeletedAssets: 0.005ms
	CategorizeAssets: 82.351ms
	ImportOutOfDateAssets: 4762.099ms (-7122.296ms without children)
		ImportManagerImport: 114.676ms (2.115ms without children)
			ImportInProcess: 112.498ms
			UpdateCategorizedAssets: 0.063ms
		CompileScripts: 11765.110ms
		ReloadNativeAssets: 0.089ms
		UnloadImportedAssets: 1.680ms
		ReloadImportedAssets: 0.001ms
		EnsureUptoDateAssetsAreRegisteredWithGuidPM: 1.674ms
		InitializingProgressBar: 0.025ms
		PostProcessAllAssetNotificationsAddChangedAssets: 0.002ms
		OnDemandSchedulerStart: 1.138ms
	PostProcessAllAssets: 529.004ms
	Hotreload: 5.668ms
	GatherAllCurrentPrimaryArtifactRevisions: 0.003ms
	UnloadStreamsBegin: 2.308ms
	PersistCurrentRevisions: 0.404ms
	UnloadStreamsEnd: 0.003ms
	GenerateScriptTypeHashes: 4.780ms
	Untracked: 13820.441ms

Application.AssetDatabase Initial Refresh End
Scanning for USB devices : 1.650ms
Initializing Unity extensions:
[MODES] ModeService[none].Initialize
[MODES] ModeService[none].LoadModes
[MODES] Loading mode Default (0) for mode-current-id-My project (1)
Unloading 16 Unused Serialized files (Serialized files now loaded: 0)
Unloading 6781 unused Assets / (3.6 MB). Loaded Objects now: 7518.
Memory consumption went from 208.1 MB to 204.4 MB.
Total: 14.567800 ms (FindLiveObjects: 0.883200 ms CreateObjectMapping: 0.812200 ms MarkObjects: 8.844200 ms  DeleteObjects: 4.024900 ms)

Batchmode quit successfully invoked - shutting down!
Curl error 42: Callback aborted
[Physics::Module] Cleanup current backned.
[Physics::Module] Id: 0xf2b8ea05
Input System module state changed to: ShutdownInProgress.
Input System polling thread exited.
Input System module state changed to: Shutdown.
[Licensing::IpcConnector] LicenseClient-ThienBao-notifications channel disconnected successfully.
[Licensing::IpcConnector] LicenseClient-ThienBao channel disconnected successfully.
AcceleratorClientConnectionCallback - disconnected - :0
Cleanup mono
Exiting batchmode successfully now!
Exiting without the bug reporter. Application will terminate with return code 0