[Licensing::Module] Trying to connect to existing licensing client channel...
Built from '6000.0/staging' branch; Version is '6000.0.62f1 (f99f05b3e950) revision 16359173'; Using compiler version '193933523'; Build Type 'Release'
OS: 'Windows 11  (10.0.26200) 64bit CoreSingleLanguage' Language: 'en' Physical Memory: 15741 MB
BatchMode: 1, IsHumanControllingUs: 0, StartBugReporterOnCrash: 0, Is64bit: 1
Date: 2026-07-16T01:03:31Z
[Licensing::IpcConnector] Channel LicenseClient-ThienBao doesn't exist
[Licensing::Module] Successfully launched the LicensingClient (PId: 31060)

COMMAND LINE ARGUMENTS:
D:\Program\6000.0.62f1\Editor\Unity.exe
-batchmode
-nographics
-quit
-projectPath
D:\myPro\game\TEFO
-logFile
D:\myPro\game\TEFO\Docs\AE86Production32Fix\_Archive_PreFinal\_WorkspaceImportTool\unity_final_refresh.log
Successfully changed project path to: D:\myPro\game\TEFO
D:/myPro/game/TEFO
[UnityMemory] Configuration Parameters - Can be set up in boot.config
    "memorysetup-bucket-allocator-granularity=16"
    "memorysetup-bucket-allocator-bucket-count=8"
    "memorysetup-bucket-allocator-block-size=33554432"
    "memorysetup-bucket-allocator-block-count=8"
    "memorysetup-main-allocator-block-size=16777216"
    "memorysetup-thread-allocator-block-size=16777216"
    "memorysetup-gfx-main-allocator-block-size=16777216"
    "memorysetup-gfx-thread-allocator-block-size=16777216"
    "memorysetup-cache-allocator-block-size=4194304"
    "memorysetup-typetree-allocator-block-size=2097152"
    "memorysetup-profiler-bucket-allocator-granularity=16"
    "memorysetup-profiler-bucket-allocator-bucket-count=8"
    "memorysetup-profiler-bucket-allocator-block-size=33554432"
    "memorysetup-profiler-bucket-allocator-block-count=8"
    "memorysetup-profiler-allocator-block-size=16777216"
    "memorysetup-profiler-editor-allocator-block-size=1048576"
    "memorysetup-temp-allocator-size-main=16777216"
    "memorysetup-job-temp-allocator-block-size=2097152"
    "memorysetup-job-temp-allocator-block-size-background=1048576"
    "memorysetup-job-temp-allocator-reduction-small-platforms=262144"
    "memorysetup-allocator-temp-initial-block-size-main=262144"
    "memorysetup-allocator-temp-initial-block-size-worker=262144"
    "memorysetup-temp-allocator-size-background-worker=32768"
    "memorysetup-temp-allocator-size-job-worker=262144"
    "memorysetup-temp-allocator-size-preload-manager=33554432"
    "memorysetup-temp-allocator-size-nav-mesh-worker=65536"
    "memorysetup-temp-allocator-size-audio-worker=65536"
    "memorysetup-temp-allocator-size-cloud-worker=32768"
    "memorysetup-temp-allocator-size-gi-baking-worker=262144"
    "memorysetup-temp-allocator-size-gi-baking-worker=262144"
    "memorysetup-temp-allocator-size-gi-baking-worker=262144"
    "memorysetup-temp-allocator-size-gi-baking-worker=262144"
    "memorysetup-temp-allocator-size-gi-baking-worker=262144"
    "memorysetup-temp-allocator-size-gfx=262144"
Player connection [13188]  Target information:

Player connection [13188]  * "[IP] 169.254.227.235 [Port] 55504 [Flags] 2 [Guid] 2668869473 [EditorId] 2668869473 [Version] 1048832 [Id] WindowsEditor(7,ThienBaoNe) [Debug] 1 [PackageName] WindowsEditor [ProjectName] Editor" 

Player connection [13188]  * "[IP] 192.168.1.5 [Port] 55504 [Flags] 2 [Guid] 2668869473 [EditorId] 2668869473 [Version] 1048832 [Id] WindowsEditor(7,ThienBaoNe) [Debug] 1 [PackageName] WindowsEditor [ProjectName] Editor" 

Player connection [13188] Host joined multi-casting on [225.0.0.222:54997]...
Player connection [13188] Host joined alternative multi-casting on [225.0.0.222:34997]...
Input System module state changed to: Initialized.
[Physics::Module] Initialized fallback backend.
[Physics::Module] Id: 0xdecafbad
[Package Manager] Connected to IPC stream "Upm-31124" after 0.2 seconds.
Library Redirect Path: Library/
[Licensing::IpcConnector] Successfully connected to: "LicenseClient-ThienBao" at "2026-07-16T01:03:31.7666112Z"
[Licensing::Client] Code 10 while verifying Licensing Client signature (process Id: 31060, path: "D:/Program/6000.0.62f1/Editor/Data/Resources/Licensing/Client/Unity.Licensing.Client.exe")
[Licensing::Module] LicensingClient has failed validation; ignoring
[Licensing::Client] Handshaking with LicensingClient:
  Version:                 1.17.2+ff71f16
  Session Id:              f76f06854c1b4671ac5ab8cf4014077a
  Correlation Id:          9676c9c5d5ef20b83af464ec65e14d84
  External correlation Id: 5987917241702457480
  Machine Id:              I0qsWkULXMkyGsrNf5MSqdLDWcE=
[Licensing::Module] Successfully connected to LicensingClient on channel: "LicenseClient-ThienBao" (connect: 0.37s, validation: 0.12s, handshake: 0.07s)
[Licensing::IpcConnector] Successfully connected to: "LicenseClient-ThienBao-notifications" at "2026-07-16T01:03:31.9541241Z"
[Licensing::Module] Connected to LicensingClient (PId: 31060, launch time: 0.01, total connection time: 0.56s)
[Licensing::Module] Error: Access token is unavailable; failed to update
[Licensing::Client] Successfully resolved entitlement details
[Licensing::Module] License group:
  Id: 18968349489754-UnityPersXXXX
  Product: Unity Personal
  Type: Assigned
  Expiration: Unlimited
[Licensing::Client] Successfully updated license, isAsync: True, time: 0.01
[Licensing::Client] Successfully resolved entitlement details
[Licensing::Module] Licensing Background thread has ended after 0.61s
[Physics::Module] Selected backend.
[Physics::Module] Name: PhysX
[Physics::Module] Id: 0xf2b8ea05
[Physics::Module] SDK Version: 4.1.2
[Physics::Module] Integration Version: 1.0.0
[Physics::Module] Threading Mode: Multi-Threaded
Artifact Garbage Collection - Removed 20 unused hashed content filesRefreshing native plugins compatible for Editor in 0.63 ms, found 0 plugins.
Preloading 0 native plugins for Editor in 0.00 ms.
Initialize engine version: 6000.0.62f1 (f99f05b3e950)
[Subsystems] Discovering subsystems at path D:/Program/6000.0.62f1/Editor/Data/Resources/UnitySubsystems
[Subsystems] Discovering subsystems at path D:/myPro/game/TEFO/Assets
Forcing GfxDevice: Null
GfxDevice: creating device client; kGfxThreadingModeNonThreaded
NullGfxDevice:
    Version:  NULL 1.0 [1.0]
    Renderer: Null Device
    Vendor:   Unity Technologies
Shader Hidden/ProbeVolume/VoxelizeScene is not supported: GPU does not support conservative rasterization
Initialize mono
Mono path[0] = 'D:/Program/6000.0.62f1/Editor/Data/Managed'
Mono path[1] = 'D:/Program/6000.0.62f1/Editor/Data/MonoBleedingEdge/lib/mono/unityjit-win32'
Mono config path = 'D:/Program/6000.0.62f1/Editor/Data/MonoBleedingEdge/etc'
Using monoOptions --debugger-agent=transport=dt_socket,embedding=1,server=y,suspend=n,address=127.0.0.1:56124
Using cacheserver namespaces - metadata:defaultmetadata, artifacts:defaultartifacts
Using cacheserver namespaces - metadata:defaultmetadata, artifacts:defaultartifacts
ImportWorker Server TCP listen port: 0
AcceleratorClientConnectionCallback - disconnected - :0
Begin MonoManager ReloadAssembly
Registering precompiled unity dll's ...
Register platform support module: D:/Program/6000.0.62f1/Editor/Data/PlaybackEngines/WindowsStandaloneSupport/UnityEditor.WindowsStandalone.Extensions.dll
[Licensing::Client] Successfully resolved entitlement details
Register platform support module: D:/Program/6000.0.62f1/Editor/Data/PlaybackEngines/AndroidPlayer/UnityEditor.Android.Extensions.dll
[Licensing::Client] Successfully resolved entitlement details
Register platform support module: D:/Program/6000.0.62f1/Editor/Data/PlaybackEngines/iOSSupport/UnityEditor.iOS.Extensions.dll
Registered in 0.012431 seconds.
- Loaded All Assemblies, in  0.554 seconds
Native extension for iOS target not found
Native extension for Android target not found
Native extension for WindowsStandalone target not found
Mono: successfully reloaded assembly
- Finished resetting the current domain, in  0.437 seconds
Domain Reload Profiling: 990ms
	BeginReloadAssembly (215ms)
		ExecutionOrderSort (0ms)
		DisableScriptedObjects (0ms)
		BackupInstance (0ms)
		ReleaseScriptingObjects (0ms)
		CreateAndSetChildDomain (1ms)
	RebuildCommonClasses (51ms)
	RebuildNativeTypeToScriptingClass (9ms)
	initialDomainReloadingComplete (73ms)
	LoadAllAssembliesAndSetupDomain (203ms)
		LoadAssemblies (215ms)
		RebuildTransferFunctionScriptingTraits (0ms)
		AnalyzeDomain (196ms)
			TypeCache.Refresh (194ms)
				TypeCache.ScanAssembly (170ms)
			BuildScriptInfoCaches (0ms)
			ResolveRequiredComponents (1ms)
	FinalizeReload (438ms)
		ReleaseScriptCaches (0ms)
		RebuildScriptCaches (0ms)
		SetupLoadedEditorAssemblies (403ms)
			LogAssemblyErrors (0ms)
			InitializePlatformSupportModulesInManaged (133ms)
			SetLoadedEditorAssemblies (9ms)
			BeforeProcessingInitializeOnLoad (71ms)
			ProcessInitializeOnLoadAttributes (124ms)
			ProcessInitializeOnLoadMethodAttributes (66ms)
			AfterProcessingInitializeOnLoad (0ms)
			EditorAssembliesLoaded (0ms)
		ExecutionOrderSort2 (0ms)
		AwakeInstancesAfterBackupRestoration (0ms)
[Licensing::Client] Successfully resolved entitlement details
Application.AssetDatabase Initial Refresh Start
Package Manager log level set to [2]
[Package Manager] Restoring resolved packages state from cache
[Licensing::Client] Successfully resolved entitlement details
[Package Manager] Registered 65 packages:
  Packages from [https://packages.unity.com]:
    com.unity.collab-proxy@2.10.0 (location: D:\myPro\game\TEFO\Library\PackageCache\com.unity.collab-proxy@1e5e48aff19d)
    com.unity.ide.rider@3.0.38 (location: D:\myPro\game\TEFO\Library\PackageCache\com.unity.ide.rider@1f60b3138684)
    com.unity.ide.visualstudio@2.0.25 (location: D:\myPro\game\TEFO\Library\PackageCache\com.unity.ide.visualstudio@74aa435fc4bb)
    com.unity.inputsystem@1.14.2 (location: D:\myPro\game\TEFO\Library\PackageCache\com.unity.inputsystem@be6c4fd0abf5)
    com.unity.timeline@1.8.9 (location: D:\myPro\game\TEFO\Library\PackageCache\com.unity.timeline@6b9e48457ddb)
    com.unity.visualscripting@1.9.7 (location: D:\myPro\game\TEFO\Library\PackageCache\com.unity.visualscripting@6279e2b7c485)
    com.unity.2d.animation@10.2.1 (location: D:\myPro\game\TEFO\Library\PackageCache\com.unity.2d.animation@81ad133dbdf1)
    com.unity.2d.pixel-perfect@5.0.3 (location: D:\myPro\game\TEFO\Library\PackageCache\com.unity.2d.pixel-perfect@e3ae982b672d)
    com.unity.2d.psdimporter@9.1.0 (location: D:\myPro\game\TEFO\Library\PackageCache\com.unity.2d.psdimporter@e0ffc26deb40)
    com.unity.2d.spriteshape@10.0.7 (location: D:\myPro\game\TEFO\Library\PackageCache\com.unity.2d.spriteshape@9e35352ae135)
    com.unity.2d.tilemap.extras@4.1.0 (location: D:\myPro\game\TEFO\Library\PackageCache\com.unity.2d.tilemap.extras@13634da7dbe0)
    com.unity.2d.aseprite@1.1.10 (location: D:\myPro\game\TEFO\Library\PackageCache\com.unity.2d.aseprite@dba7c65ef731)
    com.unity.searcher@4.9.3 (location: D:\myPro\game\TEFO\Library\PackageCache\com.unity.searcher@1e17ce91558d)
    com.unity.burst@1.8.25 (location: D:\myPro\game\TEFO\Library\PackageCache\com.unity.burst@1df634d836b8)
    com.unity.mathematics@1.3.2 (location: D:\myPro\game\TEFO\Library\PackageCache\com.unity.mathematics@8017b507cc74)
    com.unity.collections@2.6.2 (location: D:\myPro\game\TEFO\Library\PackageCache\com.unity.collections@aea9d3bd5e19)
    com.unity.2d.common@9.1.1 (location: D:\myPro\game\TEFO\Library\PackageCache\com.unity.2d.common@bc041c6e0d0d)
    com.unity.nuget.mono-cecil@1.11.5 (location: D:\myPro\game\TEFO\Library\PackageCache\com.unity.nuget.mono-cecil@d78732e851eb)
    com.unity.test-framework.performance@3.2.0 (location: D:\myPro\game\TEFO\Library\PackageCache\com.unity.test-framework.performance@0840f58e4562)
  Built-in packages:
    com.unity.feature.2d@2.0.1 (location: D:\myPro\game\TEFO\Library\PackageCache\com.unity.feature.2d@dd1ea8910f12)
    com.unity.multiplayer.center@1.0.0 (location: D:\myPro\game\TEFO\Library\PackageCache\com.unity.multiplayer.center@f3fb577b3546)
    com.unity.render-pipelines.universal@17.0.4 (location: D:\myPro\game\TEFO\Library\PackageCache\com.unity.render-pipelines.universal@7652a5c7e246)
    com.unity.test-framework@1.6.0 (location: D:\myPro\game\TEFO\Library\PackageCache\com.unity.test-framework@da1fb3d479aa)
    com.unity.ugui@2.0.0 (location: D:\myPro\game\TEFO\Library\PackageCache\com.unity.ugui@befc7af3e8e5)
    com.unity.modules.accessibility@1.0.0 (location: D:\Program\6000.0.62f1\Editor\Data\Resources\PackageManager\BuiltInPackages\com.unity.modules.accessibility)
    com.unity.modules.ai@1.0.0 (location: D:\Program\6000.0.62f1\Editor\Data\Resources\PackageManager\BuiltInPackages\com.unity.modules.ai)
    com.unity.modules.androidjni@1.0.0 (location: D:\Program\6000.0.62f1\Editor\Data\Resources\PackageManager\BuiltInPackages\com.unity.modules.androidjni)
    com.unity.modules.animation@1.0.0 (location: D:\Program\6000.0.62f1\Editor\Data\Resources\PackageManager\BuiltInPackages\com.unity.modules.animation)
    com.unity.modules.assetbundle@1.0.0 (location: D:\Program\6000.0.62f1\Editor\Data\Resources\PackageManager\BuiltInPackages\com.unity.modules.assetbundle)
    com.unity.modules.audio@1.0.0 (location: D:\Program\6000.0.62f1\Editor\Data\Resources\PackageManager\BuiltInPackages\com.unity.modules.audio)
    com.unity.modules.cloth@1.0.0 (location: D:\Program\6000.0.62f1\Editor\Data\Resources\PackageManager\BuiltInPackages\com.unity.modules.cloth)
    com.unity.modules.director@1.0.0 (location: D:\Program\6000.0.62f1\Editor\Data\Resources\PackageManager\BuiltInPackages\com.unity.modules.director)
    com.unity.modules.imageconversion@1.0.0 (location: D:\Program\6000.0.62f1\Editor\Data\Resources\PackageManager\BuiltInPackages\com.unity.modules.imageconversion)
    com.unity.modules.imgui@1.0.0 (location: D:\Program\6000.0.62f1\Editor\Data\Resources\PackageManager\BuiltInPackages\com.unity.modules.imgui)
    com.unity.modules.jsonserialize@1.0.0 (location: D:\Program\6000.0.62f1\Editor\Data\Resources\PackageManager\BuiltInPackages\com.unity.modules.jsonserialize)
    com.unity.modules.particlesystem@1.0.0 (location: D:\Program\6000.0.62f1\Editor\Data\Resources\PackageManager\BuiltInPackages\com.unity.modules.particlesystem)
    com.unity.modules.physics@1.0.0 (location: D:\Program\6000.0.62f1\Editor\Data\Resources\PackageManager\BuiltInPackages\com.unity.modules.physics)
    com.unity.modules.physics2d@1.0.0 (location: D:\Program\6000.0.62f1\Editor\Data\Resources\PackageManager\BuiltInPackages\com.unity.modules.physics2d)
    com.unity.modules.screencapture@1.0.0 (location: D:\Program\6000.0.62f1\Editor\Data\Resources\PackageManager\BuiltInPackages\com.unity.modules.screencapture)
    com.unity.modules.terrain@1.0.0 (location: D:\Program\6000.0.62f1\Editor\Data\Resources\PackageManager\BuiltInPackages\com.unity.modules.terrain)
    com.unity.modules.terrainphysics@1.0.0 (location: D:\Program\6000.0.62f1\Editor\Data\Resources\PackageManager\BuiltInPackages\com.unity.modules.terrainphysics)
    com.unity.modules.tilemap@1.0.0 (location: D:\Program\6000.0.62f1\Editor\Data\Resources\PackageManager\BuiltInPackages\com.unity.modules.tilemap)
    com.unity.modules.ui@1.0.0 (location: D:\Program\6000.0.62f1\Editor\Data\Resources\PackageManager\BuiltInPackages\com.unity.modules.ui)
    com.unity.modules.uielements@1.0.0 (location: D:\Program\6000.0.62f1\Editor\Data\Resources\PackageManager\BuiltInPackages\com.unity.modules.uielements)
    com.unity.modules.umbra@1.0.0 (location: D:\Program\6000.0.62f1\Editor\Data\Resources\PackageManager\BuiltInPackages\com.unity.modules.umbra)
    com.unity.modules.unityanalytics@1.0.0 (location: D:\Program\6000.0.62f1\Editor\Data\Resources\PackageManager\BuiltInPackages\com.unity.modules.unityanalytics)
    com.unity.modules.unitywebrequest@1.0.0 (location: D:\Program\6000.0.62f1\Editor\Data\Resources\PackageManager\BuiltInPackages\com.unity.modules.unitywebrequest)
    com.unity.modules.unitywebrequestassetbundle@1.0.0 (location: D:\Program\6000.0.62f1\Editor\Data\Resources\PackageManager\BuiltInPackages\com.unity.modules.unitywebrequestassetbundle)
    com.unity.modules.unitywebrequestaudio@1.0.0 (location: D:\Program\6000.0.62f1\Editor\Data\Resources\PackageManager\BuiltInPackages\com.unity.modules.unitywebrequestaudio)
    com.unity.modules.unitywebrequesttexture@1.0.0 (location: D:\Program\6000.0.62f1\Editor\Data\Resources\PackageManager\BuiltInPackages\com.unity.modules.unitywebrequesttexture)
    com.unity.modules.unitywebrequestwww@1.0.0 (location: D:\Program\6000.0.62f1\Editor\Data\Resources\PackageManager\BuiltInPackages\com.unity.modules.unitywebrequestwww)
    com.unity.modules.vehicles@1.0.0 (location: D:\Program\6000.0.62f1\Editor\Data\Resources\PackageManager\BuiltInPackages\com.unity.modules.vehicles)
    com.unity.modules.video@1.0.0 (location: D:\Program\6000.0.62f1\Editor\Data\Resources\PackageManager\BuiltInPackages\com.unity.modules.video)
    com.unity.modules.vr@1.0.0 (location: D:\Program\6000.0.62f1\Editor\Data\Resources\PackageManager\BuiltInPackages\com.unity.modules.vr)
    com.unity.modules.wind@1.0.0 (location: D:\Program\6000.0.62f1\Editor\Data\Resources\PackageManager\BuiltInPackages\com.unity.modules.wind)
    com.unity.modules.xr@1.0.0 (location: D:\Program\6000.0.62f1\Editor\Data\Resources\PackageManager\BuiltInPackages\com.unity.modules.xr)
    com.unity.modules.subsystems@1.0.0 (location: D:\Program\6000.0.62f1\Editor\Data\Resources\PackageManager\BuiltInPackages\com.unity.modules.subsystems)
    com.unity.modules.hierarchycore@1.0.0 (location: D:\Program\6000.0.62f1\Editor\Data\Resources\PackageManager\BuiltInPackages\com.unity.modules.hierarchycore)
    com.unity.ext.nunit@2.0.5 (location: D:\myPro\game\TEFO\Library\PackageCache\com.unity.ext.nunit@031a54704bff)
    com.unity.render-pipelines.core@17.0.4 (location: D:\myPro\game\TEFO\Library\PackageCache\com.unity.render-pipelines.core@3b8a69964696)
    com.unity.shadergraph@17.0.4 (location: D:\myPro\game\TEFO\Library\PackageCache\com.unity.shadergraph@ed1bdfe1a012)
    com.unity.render-pipelines.universal-config@17.0.3 (location: D:\myPro\game\TEFO\Library\PackageCache\com.unity.render-pipelines.universal-config@dd206bf35d04)
    com.unity.2d.sprite@1.0.0 (location: D:\myPro\game\TEFO\Library\PackageCache\com.unity.2d.sprite@897b7eecf04e)
    com.unity.2d.tilemap@1.0.0 (location: D:\myPro\game\TEFO\Library\PackageCache\com.unity.2d.tilemap@e147c8eadabf)
    com.unity.rendering.light-transport@1.0.1 (location: D:\myPro\game\TEFO\Library\PackageCache\com.unity.rendering.light-transport@9bd588f963c0)
[Subsystems] No new subsystems found in resolved package list.
[Package Manager] Done registering packages in 0.03 seconds
[ScriptCompilation] Requested script compilation because: Assetdatabase observed changes in script compilation related files
Starting: D:\Program\6000.0.62f1\Editor\Data\bee_backend.exe --ipc --defer-dag-verification --dagfile="Library/Bee/1900b0aE.dag" --continue-on-failure --profile="Library/Bee/backend1.traceevents" ScriptAssemblies
WorkingDir: D:/myPro/game/TEFO
DisplayProgressbar: Compiling Scripts
ExitCode: 4 Duration: 0s486ms
Rebuilding DAG because FileSignature timestamp changed: Library/Bee/1900b0aE-inputdata.json
*** Tundra requires additional run (0.38 seconds), 0 items updated, 539 evaluated
Starting: D:\Program\6000.0.62f1\Editor\Data\Tools\netcorerun\netcorerun.exe "D:\Program\6000.0.62f1\Editor\Data\Tools\BuildPipeline\ScriptCompilationBuildProgram.exe" "Library/Bee/1900b0aE.dag.json" "Library/Bee/1900b0aE-inputdata.json" "Library\Bee\buildprogram0.traceevents"
WorkingDir: D:/myPro/game/TEFO
ExitCode: 0 Duration: 6s339ms
Starting: D:\Program\6000.0.62f1\Editor\Data\bee_backend.exe --ipc --defer-dag-verification --dagfile="Library/Bee/1900b0aE.dag" --continue-on-failure --dagfilejson="Library\Bee\1900b0aE.dag.json" --profile="Library/Bee/backend2.traceevents" ScriptAssemblies
WorkingDir: D:/myPro/game/TEFO
ExitCode: 0 Duration: 6s576ms
Finished compiling graph: 1004 nodes, 18494 flattened edges (15058 ToBuild, 160 ToUse), maximum node priority 1150
[ 539/1001  0s] WriteText Library/Bee/artifacts/1900b0aE.dag/Assembly-CSharp-Editor.rsp
[ 777/1001  0s] ILPP-Configuration Library/ilpp-configuration.nevergeneratedoutput
[ 997/1001  4s] Csc Library/Bee/artifacts/1900b0aE.dag/Assembly-CSharp-Editor.dll (+2 others)
Assets\Editor\TEFOMapLayerSetupTool.cs(191,9): warning CS0618: 'Collider2D.usedByComposite' is obsolete: 'usedByComposite has been deprecated. Use Collider2D.compositeOperation instead'

Assets\Editor\TEFOReferenceWorldMapBuilder.cs(221,17): warning CS0618: 'Collider2D.usedByComposite' is obsolete: 'usedByComposite has been deprecated. Use Collider2D.compositeOperation instead'

Assets\Editor\TEFOSmallMapRebuildTool.cs(530,17): warning CS0618: 'Collider2D.usedByComposite' is obsolete: 'usedByComposite has been deprecated. Use Collider2D.compositeOperation instead'
[ 998/1001  1s] ILPostProcess Library/Bee/artifacts/1900b0aE.dag/post-processed/Assembly-CSharp-Editor.dll (+pdb)
Processing assembly Library/Bee/artifacts/1900b0aE.dag/Assembly-CSharp-Editor.dll, with 126 defines and 337 references

processors: Unity.Jobs.CodeGen.JobsILPostProcessor, zzzUnity.Burst.CodeGen.BurstILPostProcessor

running Unity.Jobs.CodeGen.JobsILPostProcessor

running zzzUnity.Burst.CodeGen.BurstILPostProcessor
[ 999/1001  0s] CopyFiles Library/ScriptAssemblies/Assembly-CSharp-Editor.pdb
[1000/1001  0s] CopyFiles Library/ScriptAssemblies/Assembly-CSharp-Editor.dll
*** Tundra build success (6.53 seconds), 6 items updated, 1001 evaluated
Assets\Editor\TEFOMapLayerSetupTool.cs(191,9): warning CS0618: 'Collider2D.usedByComposite' is obsolete: 'usedByComposite has been deprecated. Use Collider2D.compositeOperation instead'
Assets\Editor\TEFOReferenceWorldMapBuilder.cs(221,17): warning CS0618: 'Collider2D.usedByComposite' is obsolete: 'usedByComposite has been deprecated. Use Collider2D.compositeOperation instead'
Assets\Editor\TEFOSmallMapRebuildTool.cs(530,17): warning CS0618: 'Collider2D.usedByComposite' is obsolete: 'usedByComposite has been deprecated. Use Collider2D.compositeOperation instead'
Total cache size 62506928
Total cache size after purge 62506928, took 00:00:00.0678158
AssetDatabase: script compilation time: 15.232402s
Begin MonoManager ReloadAssembly
- Loaded All Assemblies, in  3.934 seconds
Refreshing native plugins compatible for Editor in 2.14 ms, found 4 plugins.
Native extension for iOS target not found
Native extension for Android target not found
Native extension for WindowsStandalone target not found
Mono: successfully reloaded assembly
- Finished resetting the current domain, in  3.907 seconds
Domain Reload Profiling: 7829ms
	BeginReloadAssembly (299ms)
		ExecutionOrderSort (0ms)
		DisableScriptedObjects (24ms)
		BackupInstance (0ms)
		ReleaseScriptingObjects (0ms)
		CreateAndSetChildDomain (76ms)
	RebuildCommonClasses (45ms)
	RebuildNativeTypeToScriptingClass (12ms)
	initialDomainReloadingComplete (48ms)
	LoadAllAssembliesAndSetupDomain (3517ms)
		LoadAssemblies (3385ms)
		RebuildTransferFunctionScriptingTraits (0ms)
		AnalyzeDomain (286ms)
			TypeCache.Refresh (216ms)
				TypeCache.ScanAssembly (198ms)
			BuildScriptInfoCaches (52ms)
			ResolveRequiredComponents (12ms)
	FinalizeReload (3908ms)
		ReleaseScriptCaches (0ms)
		RebuildScriptCaches (0ms)
		SetupLoadedEditorAssemblies (3657ms)
			LogAssemblyErrors (0ms)
			InitializePlatformSupportModulesInManaged (31ms)
			SetLoadedEditorAssemblies (4ms)
			BeforeProcessingInitializeOnLoad (161ms)
			ProcessInitializeOnLoadAttributes (3093ms)
			ProcessInitializeOnLoadMethodAttributes (361ms)
			AfterProcessingInitializeOnLoad (7ms)
			EditorAssembliesLoaded (1ms)
		ExecutionOrderSort2 (0ms)
		AwakeInstancesAfterBackupRestoration (10ms)
Start importing Assets/Art/Vehicles/AE86_final/Reports/unity_import_audit.csv using Guid(415742aba9332b143807c94e9ede9e7a) (TextScriptImporter) -> (artifact id: '84f934649f70fc8e65582d3fcfaa9f19') in 0.0532246 seconds
Start importing Assets/Art/Vehicles/AE86_final/Reports/cleanup_report.md using Guid(390c3dd6b19f36d41955cf820651f82d) (TextScriptImporter) -> (artifact id: '59da5db53b3702e7f098f410f7f29f30') in 0.0097067 seconds
Refreshing native plugins compatible for Editor in 1.55 ms, found 4 plugins.
Preloading 0 native plugins for Editor in 0.00 ms.
Asset Pipeline Refresh (id=f9ec985c21660d14b9ad37add49846ee): Total: 25.220 seconds - Initiated by InitialRefreshV2(ForceSynchronousImport)
	Summary:
		Imports: total=0 (actual=0, local cache=0, cache server=0)
		Asset DB Process Time: managed=9 ms, native=5321 ms
		Asset DB Callback time: managed=574 ms, native=44 ms
		Scripting: domain reloads=1, domain reload time=3935 ms, compile time=15235 ms, other=99 ms
		Project Asset Count: scripts=1544, non-scripts=4279
		Asset File Changes: new=2, changed=2, moved=0, deleted=2
		Scan Filter Count: 0
	InvokeCustomDependenciesCallbacks: 0.004ms
	InvokePackagesCallback: 36.248ms
	ApplyChangesToAssetFolders: 1.182ms
	Scan: 626.851ms
	OnSourceAssetsModified: 1.138ms
	CategorizeAssetsWithTransientArtifact: 59.802ms
	ProcessAssetsWithTransientArtifactChanges: 118.632ms
	UnregisterDeletedAssets: 0.004ms
	CategorizeAssets: 179.333ms
	ImportOutOfDateAssets: 3991.055ms (-11315.095ms without children)
		ImportManagerImport: 66.939ms (1.818ms without children)
			ImportInProcess: 65.121ms
		CompileScripts: 15234.779ms
		ReloadNativeAssets: 0.099ms
		UnloadImportedAssets: 1.697ms
		ReloadImportedAssets: 0.000ms
		EnsureUptoDateAssetsAreRegisteredWithGuidPM: 1.986ms
		InitializingProgressBar: 0.020ms
		PostProcessAllAssetNotificationsAddChangedAssets: 0.002ms
		OnDemandSchedulerStart: 0.627ms
	PostProcessAllAssets: 573.458ms
	Hotreload: 11.470ms
	GatherAllCurrentPrimaryArtifactRevisions: 0.005ms
	UnloadStreamsBegin: 1.999ms
	PersistCurrentRevisions: 0.523ms
	UnloadStreamsEnd: 0.004ms
	GenerateScriptTypeHashes: 5.777ms
	Untracked: 19617.836ms

Application.AssetDatabase Initial Refresh End
Scanning for USB devices : 3.878ms
Initializing Unity extensions:
[MODES] ModeService[none].Initialize
[MODES] ModeService[none].LoadModes
[MODES] Loading mode Default (0) for mode-current-id-My project (1)
Unloading 16 Unused Serialized files (Serialized files now loaded: 0)
Unloading 6781 unused Assets / (2.8 MB). Loaded Objects now: 7518.
Memory consumption went from 204.3 MB to 201.4 MB.
Total: 29.592200 ms (FindLiveObjects: 1.998200 ms CreateObjectMapping: 2.497900 ms MarkObjects: 17.619400 ms  DeleteObjects: 7.472100 ms)

Batchmode quit successfully invoked - shutting down!
Curl error 42: Callback aborted
[Physics::Module] Cleanup current backned.
[Physics::Module] Id: 0xf2b8ea05
Input System module state changed to: ShutdownInProgress.
Input System polling thread exited.
Input System module state changed to: Shutdown.
[Licensing::IpcConnector] LicenseClient-ThienBao-notifications channel disconnected successfully.
[Licensing::IpcConnector] LicenseClient-ThienBao channel disconnected successfully.
AcceleratorClientConnectionCallback - disconnected - :0
Cleanup mono
Exiting batchmode successfully now!
Exiting without the bug reporter. Application will terminate with return code 0